<?xml version="1.0" encoding="UTF-8" ?>
<testsuite errors="1" failures="0" hostname="DESKTOP-8TPSBQT" name="selenium.EjemploTest" skipped="0" tests="1" time="10.346" timestamp="2022-05-29T03:13:12">
  <properties>
    <property name="platforms.JDK_18.bootclasspath" value="C:\Program Files\Java\jdk-18.0.1\!/modules/java.base/;C:\Program Files\Java\jdk-18.0.1\!/modules/java.compiler/;C:\Program Files\Java\jdk-18.0.1\!/modules/java.datatransfer/;C:\Program Files\Java\jdk-18.0.1\!/modules/java.desktop/;C:\Program Files\Java\jdk-18.0.1\!/modules/java.instrument/;C:\Program Files\Java\jdk-18.0.1\!/modules/java.logging/;C:\Program Files\Java\jdk-18.0.1\!/modules/java.management/;C:\Program Files\Java\jdk-18.0.1\!/modules/java.management.rmi/;C:\Program Files\Java\jdk-18.0.1\!/modules/java.naming/;C:\Program Files\Java\jdk-18.0.1\!/modules/java.net.http/;C:\Program Files\Java\jdk-18.0.1\!/modules/java.prefs/;C:\Program Files\Java\jdk-18.0.1\!/modules/java.rmi/;C:\Program Files\Java\jdk-18.0.1\!/modules/java.scripting/;C:\Program Files\Java\jdk-18.0.1\!/modules/java.se/;C:\Program Files\Java\jdk-18.0.1\!/modules/java.security.jgss/;C:\Program Files\Java\jdk-18.0.1\!/modules/java.security.sasl/;C:\Program Files\Java\jdk-18.0.1\!/modules/java.smartcardio/;C:\Program Files\Java\jdk-18.0.1\!/modules/java.sql/;C:\Program Files\Java\jdk-18.0.1\!/modules/java.sql.rowset/;C:\Program Files\Java\jdk-18.0.1\!/modules/java.transaction.xa/;C:\Program Files\Java\jdk-18.0.1\!/modules/java.xml/;C:\Program Files\Java\jdk-18.0.1\!/modules/java.xml.crypto/;C:\Program Files\Java\jdk-18.0.1\!/modules/jdk.accessibility/;C:\Program Files\Java\jdk-18.0.1\!/modules/jdk.attach/;C:\Program Files\Java\jdk-18.0.1\!/modules/jdk.charsets/;C:\Program Files\Java\jdk-18.0.1\!/modules/jdk.compiler/;C:\Program Files\Java\jdk-18.0.1\!/modules/jdk.crypto.cryptoki/;C:\Program Files\Java\jdk-18.0.1\!/modules/jdk.crypto.ec/;C:\Program Files\Java\jdk-18.0.1\!/modules/jdk.crypto.mscapi/;C:\Program Files\Java\jdk-18.0.1\!/modules/jdk.dynalink/;C:\Program Files\Java\jdk-18.0.1\!/modules/jdk.editpad/;C:\Program Files\Java\jdk-18.0.1\!/modules/jdk.hotspot.agent/;C:\Program Files\Java\jdk-18.0.1\!/modules/jdk.httpserver/;C:\Program Files\Java\jdk-18.0.1\!/modules/jdk.incubator.foreign/;C:\Program Files\Java\jdk-18.0.1\!/modules/jdk.incubator.vector/;C:\Program Files\Java\jdk-18.0.1\!/modules/jdk.internal.ed/;C:\Program Files\Java\jdk-18.0.1\!/modules/jdk.internal.jvmstat/;C:\Program Files\Java\jdk-18.0.1\!/modules/jdk.internal.le/;C:\Program Files\Java\jdk-18.0.1\!/modules/jdk.internal.opt/;C:\Program Files\Java\jdk-18.0.1\!/modules/jdk.internal.vm.ci/;C:\Program Files\Java\jdk-18.0.1\!/modules/jdk.internal.vm.compiler/;C:\Program Files\Java\jdk-18.0.1\!/modules/jdk.internal.vm.compiler.management/;C:\Program Files\Java\jdk-18.0.1\!/modules/jdk.jartool/;C:\Program Files\Java\jdk-18.0.1\!/modules/jdk.javadoc/;C:\Program Files\Java\jdk-18.0.1\!/modules/jdk.jcmd/;C:\Program Files\Java\jdk-18.0.1\!/modules/jdk.jconsole/;C:\Program Files\Java\jdk-18.0.1\!/modules/jdk.jdeps/;C:\Program Files\Java\jdk-18.0.1\!/modules/jdk.jdi/;C:\Program Files\Java\jdk-18.0.1\!/modules/jdk.jdwp.agent/;C:\Program Files\Java\jdk-18.0.1\!/modules/jdk.jfr/;C:\Program Files\Java\jdk-18.0.1\!/modules/jdk.jlink/;C:\Program Files\Java\jdk-18.0.1\!/modules/jdk.jpackage/;C:\Program Files\Java\jdk-18.0.1\!/modules/jdk.jshell/;C:\Program Files\Java\jdk-18.0.1\!/modules/jdk.jsobject/;C:\Program Files\Java\jdk-18.0.1\!/modules/jdk.jstatd/;C:\Program Files\Java\jdk-18.0.1\!/modules/jdk.localedata/;C:\Program Files\Java\jdk-18.0.1\!/modules/jdk.management/;C:\Program Files\Java\jdk-18.0.1\!/modules/jdk.management.agent/;C:\Program Files\Java\jdk-18.0.1\!/modules/jdk.management.jfr/;C:\Program Files\Java\jdk-18.0.1\!/modules/jdk.naming.dns/;C:\Program Files\Java\jdk-18.0.1\!/modules/jdk.naming.rmi/;C:\Program Files\Java\jdk-18.0.1\!/modules/jdk.net/;C:\Program Files\Java\jdk-18.0.1\!/modules/jdk.nio.mapmode/;C:\Program Files\Java\jdk-18.0.1\!/modules/jdk.random/;C:\Program Files\Java\jdk-18.0.1\!/modules/jdk.sctp/;C:\Program Files\Java\jdk-18.0.1\!/modules/jdk.security.auth/;C:\Program Files\Java\jdk-18.0.1\!/modules/jdk.security.jgss/;C:\Program Files\Java\jdk-18.0.1\!/modules/jdk.unsupported/;C:\Program Files\Java\jdk-18.0.1\!/modules/jdk.unsupported.desktop/;C:\Program Files\Java\jdk-18.0.1\!/modules/jdk.xml.dom/;C:\Program Files\Java\jdk-18.0.1\!/modules/jdk.zipfs/" />
    <property name="libs.jsp-compiler.javadoc" value="" />
    <property name="netbeans.autoupdate.country" value="419" />
    <property name="libs.jakartaee-web-api-8.0.src" value="" />
    <property name="nb.wait.for.caches" value="true" />
    <property name="libs.graaljs.maven-pom" value="" />
    <property name="javac.test.classpath" value="D:\Escritorio\DUOC\Tecnicas de calidad\CarritoComprasWeb v3\CarritoComprasWeb\mysql-connector-java-5.1.23-bin.jar:build/web/WEB-INF/classes:C:\Program Files\NetBeans-13\netbeans\platform\modules\ext\junit-4.13.2.jar:C:\Program Files\NetBeans-13\netbeans\platform\modules\ext\hamcrest-core-1.3.jar:lib/async-http-client-2.12.3.jar:lib/async-http-client-netty-utils-2.12.3.jar:lib/auto-common-1.2.1.jar:lib/auto-service-1.0.1.jar:lib/auto-service-annotations-1.0.1.jar:lib/byte-buddy-1.12.9.jar:lib/checker-qual-3.12.0.jar:lib/commons-exec-1.3.jar:lib/error_prone_annotations-2.11.0.jar:lib/failsafe-3.2.3.jar:lib/failureaccess-1.0.1.jar:lib/guava-31.1-jre.jar:lib/j2objc-annotations-1.3.jar:lib/jakarta.activation-1.2.2.jar:lib/jcommander-1.82.jar:lib/jsr305-3.0.2.jar:lib/jtoml-2.0.0.jar:lib/listenablefuture-9999.0-empty-to-avoid-conflict-with-guava.jar:lib/netty-buffer-4.1.76.Final.jar:lib/netty-codec-4.1.76.Final.jar:lib/netty-codec-http-4.1.76.Final.jar:lib/netty-codec-socks-4.1.76.Final.jar:lib/netty-common-4.1.76.Final.jar:lib/netty-handler-4.1.76.Final.jar:lib/netty-handler-proxy-4.1.76.Final.jar:lib/netty-reactive-streams-2.0.4.jar:lib/netty-resolver-4.1.76.Final.jar:lib/netty-transport-4.1.76.Final.jar:lib/netty-transport-classes-epoll-4.1.76.Final.jar:lib/netty-transport-classes-kqueue-4.1.76.Final.jar:lib/netty-transport-native-epoll-4.1.76.Final.jar:lib/netty-transport-native-kqueue-4.1.76.Final.jar:lib/netty-transport-native-unix-common-4.1.76.Final.jar:lib/opentelemetry-api-1.13.0.jar:lib/opentelemetry-context-1.13.0.jar:lib/opentelemetry-exporter-logging-1.13.0.jar:lib/opentelemetry-sdk-1.13.0.jar:lib/opentelemetry-sdk-common-1.13.0.jar:lib/opentelemetry-sdk-extension-autoconfigure-1.13.0-alpha.jar:lib/opentelemetry-sdk-extension-autoconfigure-spi-1.13.0.jar:lib/opentelemetry-sdk-logs-1.13.0-alpha.jar:lib/opentelemetry-sdk-metrics-1.13.0-alpha.jar:lib/opentelemetry-sdk-trace-1.13.0.jar:lib/opentelemetry-semconv-1.13.0-alpha.jar:lib/reactive-streams-1.0.3.jar:lib/selenium-api-4.1.4-sources.jar:lib/selenium-api-4.1.4.jar:lib/selenium-chrome-driver-4.1.4-sources.jar:lib/selenium-chrome-driver-4.1.4.jar:lib/selenium-chromium-driver-4.1.4-sources.jar:lib/selenium-chromium-driver-4.1.4.jar:lib/selenium-devtools-v100-4.1.4-sources.jar:lib/selenium-devtools-v100-4.1.4.jar:lib/selenium-devtools-v101-4.1.4-sources.jar:lib/selenium-devtools-v101-4.1.4.jar:lib/selenium-devtools-v85-4.1.4-sources.jar:lib/selenium-devtools-v85-4.1.4.jar:lib/selenium-devtools-v99-4.1.4-sources.jar:lib/selenium-devtools-v99-4.1.4.jar:lib/selenium-edge-driver-4.1.4-sources.jar:lib/selenium-edge-driver-4.1.4.jar:lib/selenium-firefox-driver-4.1.4-sources.jar:lib/selenium-firefox-driver-4.1.4.jar:lib/selenium-http-4.1.4-sources.jar:lib/selenium-http-4.1.4.jar:lib/selenium-ie-driver-4.1.4-sources.jar:lib/selenium-ie-driver-4.1.4.jar:lib/selenium-java-4.1.4-sources.jar:lib/selenium-java-4.1.4.jar:lib/selenium-json-4.1.4-sources.jar:lib/selenium-json-4.1.4.jar:lib/selenium-opera-driver-4.1.4-sources.jar:lib/selenium-opera-driver-4.1.4.jar:lib/selenium-remote-driver-4.1.4-sources.jar:lib/selenium-remote-driver-4.1.4.jar:lib/selenium-safari-driver-4.1.4-sources.jar:lib/selenium-safari-driver-4.1.4.jar:lib/selenium-support-4.1.4-sources.jar:lib/selenium-support-4.1.4.jar:lib/slf4j-api-1.7.36.jar:C:\Program Files\Java\jdk1.8.0_331" />
    <property name="libs.jsf20.maven-pom" value="" />
    <property name="j2ee.copy.static.files.on.save" value="true" />
    <property name="source.root" value="src" />
    <property name="do.display.browser" value="true" />
    <property name="file.reference.commons-exec-1.3.jar" value="lib/commons-exec-1.3.jar" />
    <property name="maven.defaultProjectBuilder.disableGlobalModelCache" value="true" />
    <property name="file.reference.selenium-remote-driver-4.1.4.jar" value="lib/selenium-remote-driver-4.1.4.jar" />
    <property name="libs.spring-webmvc4.0.src" value="" />
    <property name="file.reference.selenium-opera-driver-4.1.4-sources.jar" value="lib/selenium-opera-driver-4.1.4-sources.jar" />
    <property name="ant.core.lib" value="C:\Program Files\NetBeans-13\netbeans\extide\ant\lib\ant.jar" />
    <property name="javadoc.windowtitle" value="" />
    <property name="libs.jsp-compilation.javadoc" value="" />
    <property name="user.dir" value="D:\Escritorio\DUOC\Tecnicas de calidad\CarritoComprasWeb v3\CarritoComprasWeb" />
    <property name="libs.javaee-api-7.0.src" value="" />
    <property name="file.reference.selenium-api-4.1.4-sources.jar" value="lib/selenium-api-4.1.4-sources.jar" />
    <property name="java.vm.version" value="25.331-b09" />
    <property name="libs.jakartaee-web-api-8.0.maven-pom" value="" />
    <property name="libs.eclipselinkmodelgen.src" value="" />
    <property name="javadoc.notree" value="false" />
    <property name="lib.dir" value="web/WEB-INF/lib" />
    <property name="netbeans.autoupdate.version" value="1.23" />
    <property name="libs.EclipseLink-GlassFish-v3.classpath" value="C:\GlassFish\glassfish5\glassfish\modules\org.eclipse.persistence.antlr.jar;C:\GlassFish\glassfish5\glassfish\modules\org.eclipse.persistence.asm.jar;C:\GlassFish\glassfish5\glassfish\modules\org.eclipse.persistence.core.jar;C:\GlassFish\glassfish5\glassfish\modules\org.eclipse.persistence.dbws.jar;C:\GlassFish\glassfish5\glassfish\modules\org.eclipse.persistence.jpa.jar;C:\GlassFish\glassfish5\glassfish\modules\org.eclipse.persistence.jpa.jpql.jar;C:\GlassFish\glassfish5\glassfish\modules\org.eclipse.persistence.jpa.modelgen.processor.jar;C:\GlassFish\glassfish5\glassfish\modules\org.eclipse.persistence.moxy.jar;C:\GlassFish\glassfish5\glassfish\modules\org.eclipse.persistence.oracle.jar;C:\GlassFish\glassfish5\glassfish\modules\javax.persistence.jar" />
    <property name="libs.javaee-web-api-6.0.classpath" value="C:\Program Files\NetBeans-13\netbeans\enterprise\modules\ext\javaee-web-api-6.0.jar" />
    <property name="file.reference.slf4j-api-1.7.36.jar" value="lib/slf4j-api-1.7.36.jar" />
    <property name="file.reference.selenium-devtools-v85-4.1.4.jar" value="lib/selenium-devtools-v85-4.1.4.jar" />
    <property name="project.license" value="default" />
    <property name="libs.Java-EE-GlassFish-v3-Prelude.javadoc" value="C:\Program Files\NetBeans-13\netbeans\enterprise\docs\javaee-doc-api.jar" />
    <property name="jdk.home" value="C:\Program Files\Java\jdk1.8.0_331" />
    <property name="file.reference.selenium-java-4.1.4-sources.jar" value="lib/selenium-java-4.1.4-sources.jar" />
    <property name="javadoc.noindex" value="false" />
    <property name="sun.os.patch.level" value="" />
    <property name="libs.Java-EE-GlassFish-v3-Prelude.src" value="" />
    <property name="do.tmp.war.package" value="true" />
    <property name="java.vm.specification.name" value="Java Virtual Machine Specification" />
    <property name="netbeans.autoupdate.variant" value="" />
    <property name="have.tests" value="true" />
    <property name="org.xml.sax.driver" value="com.sun.org.apache.xerces.internal.jaxp.SAXParserImpl$JAXPSAXParser" />
    <property name="file.reference.netty-transport-native-unix-common-4.1.76.Final.jar" value="lib/netty-transport-native-unix-common-4.1.76.Final.jar" />
    <property name="libs.hamcrest.classpath" value="C:\Program Files\NetBeans-13\netbeans\platform\modules\ext\hamcrest-core-1.3.jar" />
    <property name="j2ee.server.instance" value="[C:\GlassFish\glassfish5\glassfish;C:\GlassFish\glassfish5\glassfish\domains\domain1]deployer:gfv5ee8:localhost:4848" />
    <property name="file.reference.mysql-connector-java-5.1.23-bin.jar" value="D:\Escritorio\DUOC\Tecnicas de calidad\CarritoComprasWeb v3\CarritoComprasWeb\mysql-connector-java-5.1.23-bin.jar" />
    <property name="os.name" value="Windows 10" />
    <property name="libs.jakartaee-web-api-9.0.javadoc" value="C:\Program Files\NetBeans-13\netbeans\enterprise\docs\jakartaee9-doc-api.jar" />
    <property name="file.reference.opentelemetry-semconv-1.13.0-alpha.jar" value="lib/opentelemetry-semconv-1.13.0-alpha.jar" />
    <property name="libs.javaee-endorsed-api-7.0.maven-pom" value="" />
    <property name="ap.proc.none.internal" value="" />
    <property name="libs.restapi.javadoc" value="" />
    <property name="file.reference.opentelemetry-sdk-extension-autoconfigure-spi-1.13.0.jar" value="lib/opentelemetry-sdk-extension-autoconfigure-spi-1.13.0.jar" />
    <property name="libs.JWSAntTasks.maven-pom" value="" />
    <property name="file.reference.auto-service-1.0.1.jar" value="lib/auto-service-1.0.1.jar" />
    <property name="libs.jstl.classpath" value="C:\Program Files\NetBeans-13\netbeans\enterprise\modules\ext\jstl-impl.jar;C:\Program Files\NetBeans-13\netbeans\enterprise\modules\ext\jstl-api.jar" />
    <property name="libs.testng.src" value="" />
    <property name="file.reference.selenium-safari-driver-4.1.4.jar" value="lib/selenium-safari-driver-4.1.4.jar" />
    <property name="file.reference.netty-buffer-4.1.76.Final.jar" value="lib/netty-buffer-4.1.76.Final.jar" />
    <property name="libs.spring-webmvc3.0.src" value="" />
    <property name="libs.restapi.classpath" value="C:\Program Files\NetBeans-13\netbeans\enterprise\modules\ext\jaxrs-2.1\jakarta.ws.rs-api-2.1.6.jar" />
    <property name="runmain.jvmargs" value="" />
    <property name="java.vendor.url.bug" value="http://bugreport.sun.com/bugreport/" />
    <property name="file.reference.opentelemetry-api-1.13.0.jar" value="lib/opentelemetry-api-1.13.0.jar" />
    <property name="libs.jaxb.maven-pom" value="" />
    <property name="file.reference.netty-common-4.1.76.Final.jar" value="lib/netty-common-4.1.76.Final.jar" />
    <property name="os.arch" value="amd64" />
    <property name="libs.eclipselink.src" value="" />
    <property name="user.name" value="Franco" />
    <property name="j2ee.compile.on.save" value="true" />
    <property name="libs.jsf12.javadoc" value="C:\Program Files\NetBeans-13\netbeans\enterprise\docs\javaee-doc-api.jar" />
    <property name="libs.Comet-GlassFish-v3.javadoc" value="" />
    <property name="libs.spring-webmvc5.0.javadoc" value="" />
    <property name="libs.spring-framework500.classpath" value="C:\Program Files\NetBeans-13\netbeans\platform\modules\org-apache-commons-logging.jar;C:\Program Files\NetBeans-13\netbeans\java\modules\ext\cglib-2.2.jar;C:\Program Files\NetBeans-13\netbeans\java\modules\ext\spring-5\spring-aop-5.2.9.RELEASE.jar;C:\Program Files\NetBeans-13\netbeans\java\modules\ext\spring-5\spring-aspects-5.2.9.RELEASE.jar;C:\Program Files\NetBeans-13\netbeans\java\modules\ext\spring-5\spring-beans-5.2.9.RELEASE.jar;C:\Program Files\NetBeans-13\netbeans\java\modules\ext\spring-5\spring-context-5.2.9.RELEASE.jar;C:\Program Files\NetBeans-13\netbeans\java\modules\ext\spring-5\spring-context-indexer-5.2.9.RELEASE.jar;C:\Program Files\NetBeans-13\netbeans\java\modules\ext\spring-5\spring-context-support-5.2.9.RELEASE.jar;C:\Program Files\NetBeans-13\netbeans\java\modules\ext\spring-5\spring-core-5.2.9.RELEASE.jar;C:\Program Files\NetBeans-13\netbeans\java\modules\ext\spring-5\spring-expression-5.2.9.RELEASE.jar;C:\Program Files\NetBeans-13\netbeans\java\modules\ext\spring-5\spring-instrument-5.2.9.RELEASE.jar;C:\Program Files\NetBeans-13\netbeans\java\modules\ext\spring-5\spring-jcl-5.2.9.RELEASE.jar;C:\Program Files\NetBeans-13\netbeans\java\modules\ext\spring-5\spring-jdbc-5.2.9.RELEASE.jar;C:\Program Files\NetBeans-13\netbeans\java\modules\ext\spring-5\spring-jms-5.2.9.RELEASE.jar;C:\Program Files\NetBeans-13\netbeans\java\modules\ext\spring-5\spring-messaging-5.2.9.RELEASE.jar;C:\Program Files\NetBeans-13\netbeans\java\modules\ext\spring-5\spring-orm-5.2.9.RELEASE.jar;C:\Program Files\NetBeans-13\netbeans\java\modules\ext\spring-5\spring-oxm-5.2.9.RELEASE.jar;C:\Program Files\NetBeans-13\netbeans\java\modules\ext\spring-5\spring-test-5.2.9.RELEASE.jar;C:\Program Files\NetBeans-13\netbeans\java\modules\ext\spring-5\spring-tx-5.2.9.RELEASE.jar;C:\Program Files\NetBeans-13\netbeans\java\modules\ext\spring-5\spring-web-5.2.9.RELEASE.jar;C:\Program Files\NetBeans-13\netbeans\java\modules\ext\spring-5\spring-webflux-5.2.9.RELEASE.jar;C:\Program Files\NetBeans-13\netbeans\java\modules\ext\spring-5\spring-webmvc-5.2.9.RELEASE.jar;C:\Program Files\NetBeans-13\netbeans\java\modules\ext\spring-5\spring-websocket-5.2.9.RELEASE.jar" />
    <property name="libs.spring-webmvc3.0.maven-pom" value="" />
    <property name="sun.java.command" value="org.apache.tools.ant.taskdefs.optional.junit.JUnitTestRunner selenium.EjemploTest skipNonTests=false filtertrace=true haltOnError=false haltOnFailure=false showoutput=true outputtoformatters=true logfailedtests=true threadid=0 logtestlistenerevents=true formatter=org.apache.tools.ant.taskdefs.optional.junit.BriefJUnitResultFormatter formatter=org.apache.tools.ant.taskdefs.optional.junit.XMLJUnitResultFormatter,D:\Escritorio\DUOC\Tecnicas de calidad\CarritoComprasWeb v3\CarritoComprasWeb\build\test\results\TEST-selenium.EjemploTest.xml crashfile=D:\Escritorio\DUOC\Tecnicas de calidad\CarritoComprasWeb v3\CarritoComprasWeb\build\junitvmwatcher8584898902702586390.properties propsfile=D:\Escritorio\DUOC\Tecnicas de calidad\CarritoComprasWeb v3\CarritoComprasWeb\build\junit2577832132456971151.properties" />
    <property name="build.classes.dir" value="build/web/WEB-INF/classes" />
    <property name="ap.supported.internal" value="true" />
    <property name="libs.javaee-api-8.0.maven-pom" value="" />
    <property name="libs.javaee-endorsed-api-7.0.javadoc" value="C:\Program Files\NetBeans-13\netbeans\enterprise\docs\javaee-doc-api.jar" />
    <property name="libs.jaxws21.javadoc" value="C:\Program Files\NetBeans-13\netbeans\java\docs\jaxws-api-doc.zip" />
    <property name="file.reference.selenium-devtools-v99-4.1.4.jar" value="lib/selenium-devtools-v99-4.1.4.jar" />
    <property name="libs.spring-webmvc4.0.javadoc" value="" />
    <property name="build.web.excludes" value="**/*.java,**/*.form" />
    <property name="includes" value="**" />
    <property name="browser.context" value="D:\Escritorio\DUOC\Tecnicas de calidad\CarritoComprasWeb v3\CarritoComprasWeb" />
    <property name="file.reference.error_prone_annotations-2.11.0.jar" value="lib/error_prone_annotations-2.11.0.jar" />
    <property name="user.country" value="419" />
    <property name="file.reference.selenium-ie-driver-4.1.4.jar" value="lib/selenium-ie-driver-4.1.4.jar" />
    <property name="javadoc.encoding" value="UTF-8" />
    <property name="javac.classpath" value="D:\Escritorio\DUOC\Tecnicas de calidad\CarritoComprasWeb v3\CarritoComprasWeb\mysql-connector-java-5.1.23-bin.jar" />
    <property name="libs.jsp-compilation-syscp.src" value="" />
    <property name="libs.JAVADB_DRIVER_LABEL.src" value="" />
    <property name="libs.spring-framework400.classpath" value="C:\Program Files\NetBeans-13\netbeans\platform\modules\org-apache-commons-logging.jar;C:\Program Files\NetBeans-13\netbeans\java\modules\ext\cglib-2.2.jar;C:\Program Files\NetBeans-13\netbeans\java\modules\ext\spring-4\spring-aop-4.3.29.RELEASE.jar;C:\Program Files\NetBeans-13\netbeans\java\modules\ext\spring-4\spring-aspects-4.3.29.RELEASE.jar;C:\Program Files\NetBeans-13\netbeans\java\modules\ext\spring-4\spring-beans-4.3.29.RELEASE.jar;C:\Program Files\NetBeans-13\netbeans\java\modules\ext\spring-4\spring-context-4.3.29.RELEASE.jar;C:\Program Files\NetBeans-13\netbeans\java\modules\ext\spring-4\spring-context-support-4.3.29.RELEASE.jar;C:\Program Files\NetBeans-13\netbeans\java\modules\ext\spring-4\spring-core-4.3.29.RELEASE.jar;C:\Program Files\NetBeans-13\netbeans\java\modules\ext\spring-4\spring-expression-4.3.29.RELEASE.jar;C:\Program Files\NetBeans-13\netbeans\java\modules\ext\spring-4\spring-instrument-4.3.29.RELEASE.jar;C:\Program Files\NetBeans-13\netbeans\java\modules\ext\spring-4\spring-instrument-tomcat-4.3.29.RELEASE.jar;C:\Program Files\NetBeans-13\netbeans\java\modules\ext\spring-4\spring-jdbc-4.3.29.RELEASE.jar;C:\Program Files\NetBeans-13\netbeans\java\modules\ext\spring-4\spring-jms-4.3.29.RELEASE.jar;C:\Program Files\NetBeans-13\netbeans\java\modules\ext\spring-4\spring-messaging-4.3.29.RELEASE.jar;C:\Program Files\NetBeans-13\netbeans\java\modules\ext\spring-4\spring-orm-4.3.29.RELEASE.jar;C:\Program Files\NetBeans-13\netbeans\java\modules\ext\spring-4\spring-oxm-4.3.29.RELEASE.jar;C:\Program Files\NetBeans-13\netbeans\java\modules\ext\spring-4\spring-test-4.3.29.RELEASE.jar;C:\Program Files\NetBeans-13\netbeans\java\modules\ext\spring-4\spring-tx-4.3.29.RELEASE.jar;C:\Program Files\NetBeans-13\netbeans\java\modules\ext\spring-4\spring-web-4.3.29.RELEASE.jar;C:\Program Files\NetBeans-13\netbeans\java\modules\ext\spring-4\spring-webmvc-4.3.29.RELEASE.jar;C:\Program Files\NetBeans-13\netbeans\java\modules\ext\spring-4\spring-webmvc-portlet-4.3.29.RELEASE.jar;C:\Program Files\NetBeans-13\netbeans\java\modules\ext\spring-4\spring-websocket-4.3.29.RELEASE.jar" />
    <property name="do.debug.server" value="true" />
    <property name="debug-transport" value="dt_shmem" />
    <property name="netbeans.home" value="C:\Program Files\NetBeans-13\netbeans\platform" />
    <property name="build.compiler.emacs" value="true" />
    <property name="libs.javaee-web-api-6.0.src" value="" />
    <property name="libs.jsp-compilation-syscp.classpath" value="C:\Program Files\NetBeans-13\netbeans\extide\ant\lib\ant.jar;C:\Program Files\NetBeans-13\netbeans\enterprise\modules\ext\servlet3.1-jsp2.3-api.jar;C:\Program Files\NetBeans-13\netbeans\enterprise\modules\ext\glassfish-jspparser-4.0.jar;C:\Program Files\NetBeans-13\netbeans\enterprise\modules\ext\jstl-impl.jar;C:\Program Files\NetBeans-13\netbeans\enterprise\modules\ext\jsf-2_2\javax.faces.jar" />
    <property name="file.reference.selenium-support-4.1.4-sources.jar" value="lib/selenium-support-4.1.4-sources.jar" />
    <property name="java.endorsed.dirs" value="C:\Program Files\Java\jdk1.8.0_331\jre\lib\endorsed" />
    <property name="libs.Comet-GlassFish-v3.maven-pom" value="" />
    <property name="file.reference.selenium-remote-driver-4.1.4-sources.jar" value="lib/selenium-remote-driver-4.1.4-sources.jar" />
    <property name="libs.groovy-all.src" value="" />
    <property name="libs.junit_5.src" value="C:\Program Files\NetBeans-13\netbeans\platform\docs\junit-jupiter-api-5.6.0-sources.jar;C:\Program Files\NetBeans-13\netbeans\platform\docs\junit-jupiter-params-5.6.0-sources.jar;C:\Program Files\NetBeans-13\netbeans\platform\docs\junit-jupiter-engine-5.6.0-sources.jar" />
    <property name="libs.jakartaee-api-8.0.classpath" value="C:\Program Files\NetBeans-13\netbeans\enterprise\modules\ext\jakarta.jakartaee-api-8.0.0.jar" />
    <property name="netbeans.dynamic.classpath" value="C:\Program Files\NetBeans-13\netbeans\platform\core\asm-9.2.jar;C:\Program Files\NetBeans-13\netbeans\platform\core\asm-commons-9.2.jar;C:\Program Files\NetBeans-13\netbeans\platform\core\asm-tree-9.2.jar;C:\Program Files\NetBeans-13\netbeans\platform\core\core-base.jar;C:\Program Files\NetBeans-13\netbeans\platform\core\core.jar;C:\Program Files\NetBeans-13\netbeans\platform\core\org-netbeans-libs-asm.jar;C:\Program Files\NetBeans-13\netbeans\platform\core\org-openide-filesystems-compat8.jar;C:\Program Files\NetBeans-13\netbeans\platform\core\org-openide-filesystems.jar;C:\Program Files\NetBeans-13\netbeans\nb\core\org-netbeans-upgrader.jar;C:\Program Files\NetBeans-13\netbeans\nb\core\locale\core_nb.jar" />
    <property name="java.vm.specification.version" value="1.8" />
    <property name="file.reference.netty-reactive-streams-2.0.4.jar" value="lib/netty-reactive-streams-2.0.4.jar" />
    <property name="plugin.manager.check.updates" value="false" />
    <property name="libs.primefaces.classpath" value="C:\Program Files\NetBeans-13\netbeans\enterprise\modules\ext\primefaces\primefaces-5.0.jar" />
    <property name="ant.file.CarritoComprasWeb-impl" value="D:\Escritorio\DUOC\Tecnicas de calidad\CarritoComprasWeb v3\CarritoComprasWeb\nbproject\build-impl.xml" />
    <property name="libs.javaee-api-6.0.classpath" value="C:\Program Files\NetBeans-13\netbeans\enterprise\modules\ext\javaee-api-6.0.jar" />
    <property name="libs.groovy-all.maven-pom" value="" />
    <property name="netbeans.productversion" value="Apache NetBeans IDE 13" />
    <property name="libs.jaxws21.src" value="" />
    <property name="do.war.package.with.custom.manifest" value="true" />
    <property name="libs.spring-webmvc5.0.classpath" value="C:\Program Files\NetBeans-13\netbeans\java\modules\ext\spring-5\spring-webmvc-5.2.9.RELEASE.jar" />
    <property name="netbeans.autoupdate.language" value="es" />
    <property name="java.vendor" value="Oracle Corporation" />
    <property name="libs.javaee-api-6.0.javadoc" value="C:\Program Files\NetBeans-13\netbeans\enterprise\docs\javaee-doc-api.jar" />
    <property name="file.reference.netty-codec-http-4.1.76.Final.jar" value="lib/netty-codec-http-4.1.76.Final.jar" />
    <property name="file.reference.selenium-http-4.1.4.jar" value="lib/selenium-http-4.1.4.jar" />
    <property name="file.reference.listenablefuture-9999.0-empty-to-avoid-conflict-with-guava.jar" value="lib/listenablefuture-9999.0-empty-to-avoid-conflict-with-guava.jar" />
    <property name="javac.debug" value="true" />
    <property name="javadoc.splitindex" value="true" />
    <property name="file.separator" value="\" />
    <property name="libs.Java-EE-GlassFish-v3-Prelude.maven-pom" value="" />
    <property name="file.reference.selenium-devtools-v101-4.1.4.jar" value="lib/selenium-devtools-v101-4.1.4.jar" />
    <property name="libs.junit_4.maven-pom" value="" />
    <property name="resource.dir" value="setup" />
    <property name="javac.test.processorpath" value="D:\Escritorio\DUOC\Tecnicas de calidad\CarritoComprasWeb v3\CarritoComprasWeb\mysql-connector-java-5.1.23-bin.jar:build/web/WEB-INF/classes:C:\Program Files\NetBeans-13\netbeans\platform\modules\ext\junit-4.13.2.jar:C:\Program Files\NetBeans-13\netbeans\platform\modules\ext\hamcrest-core-1.3.jar:lib/async-http-client-2.12.3.jar:lib/async-http-client-netty-utils-2.12.3.jar:lib/auto-common-1.2.1.jar:lib/auto-service-1.0.1.jar:lib/auto-service-annotations-1.0.1.jar:lib/byte-buddy-1.12.9.jar:lib/checker-qual-3.12.0.jar:lib/commons-exec-1.3.jar:lib/error_prone_annotations-2.11.0.jar:lib/failsafe-3.2.3.jar:lib/failureaccess-1.0.1.jar:lib/guava-31.1-jre.jar:lib/j2objc-annotations-1.3.jar:lib/jakarta.activation-1.2.2.jar:lib/jcommander-1.82.jar:lib/jsr305-3.0.2.jar:lib/jtoml-2.0.0.jar:lib/listenablefuture-9999.0-empty-to-avoid-conflict-with-guava.jar:lib/netty-buffer-4.1.76.Final.jar:lib/netty-codec-4.1.76.Final.jar:lib/netty-codec-http-4.1.76.Final.jar:lib/netty-codec-socks-4.1.76.Final.jar:lib/netty-common-4.1.76.Final.jar:lib/netty-handler-4.1.76.Final.jar:lib/netty-handler-proxy-4.1.76.Final.jar:lib/netty-reactive-streams-2.0.4.jar:lib/netty-resolver-4.1.76.Final.jar:lib/netty-transport-4.1.76.Final.jar:lib/netty-transport-classes-epoll-4.1.76.Final.jar:lib/netty-transport-classes-kqueue-4.1.76.Final.jar:lib/netty-transport-native-epoll-4.1.76.Final.jar:lib/netty-transport-native-kqueue-4.1.76.Final.jar:lib/netty-transport-native-unix-common-4.1.76.Final.jar:lib/opentelemetry-api-1.13.0.jar:lib/opentelemetry-context-1.13.0.jar:lib/opentelemetry-exporter-logging-1.13.0.jar:lib/opentelemetry-sdk-1.13.0.jar:lib/opentelemetry-sdk-common-1.13.0.jar:lib/opentelemetry-sdk-extension-autoconfigure-1.13.0-alpha.jar:lib/opentelemetry-sdk-extension-autoconfigure-spi-1.13.0.jar:lib/opentelemetry-sdk-logs-1.13.0-alpha.jar:lib/opentelemetry-sdk-metrics-1.13.0-alpha.jar:lib/opentelemetry-sdk-trace-1.13.0.jar:lib/opentelemetry-semconv-1.13.0-alpha.jar:lib/reactive-streams-1.0.3.jar:lib/selenium-api-4.1.4-sources.jar:lib/selenium-api-4.1.4.jar:lib/selenium-chrome-driver-4.1.4-sources.jar:lib/selenium-chrome-driver-4.1.4.jar:lib/selenium-chromium-driver-4.1.4-sources.jar:lib/selenium-chromium-driver-4.1.4.jar:lib/selenium-devtools-v100-4.1.4-sources.jar:lib/selenium-devtools-v100-4.1.4.jar:lib/selenium-devtools-v101-4.1.4-sources.jar:lib/selenium-devtools-v101-4.1.4.jar:lib/selenium-devtools-v85-4.1.4-sources.jar:lib/selenium-devtools-v85-4.1.4.jar:lib/selenium-devtools-v99-4.1.4-sources.jar:lib/selenium-devtools-v99-4.1.4.jar:lib/selenium-edge-driver-4.1.4-sources.jar:lib/selenium-edge-driver-4.1.4.jar:lib/selenium-firefox-driver-4.1.4-sources.jar:lib/selenium-firefox-driver-4.1.4.jar:lib/selenium-http-4.1.4-sources.jar:lib/selenium-http-4.1.4.jar:lib/selenium-ie-driver-4.1.4-sources.jar:lib/selenium-ie-driver-4.1.4.jar:lib/selenium-java-4.1.4-sources.jar:lib/selenium-java-4.1.4.jar:lib/selenium-json-4.1.4-sources.jar:lib/selenium-json-4.1.4.jar:lib/selenium-opera-driver-4.1.4-sources.jar:lib/selenium-opera-driver-4.1.4.jar:lib/selenium-remote-driver-4.1.4-sources.jar:lib/selenium-remote-driver-4.1.4.jar:lib/selenium-safari-driver-4.1.4-sources.jar:lib/selenium-safari-driver-4.1.4.jar:lib/selenium-support-4.1.4-sources.jar:lib/selenium-support-4.1.4.jar:lib/slf4j-api-1.7.36.jar:C:\Program Files\Java\jdk1.8.0_331" />
    <property name="netbeans.buildnumber" value="13-00d6d969bf4d9b14e7406c9ee9cc13a61dc39655" />
    <property name="libs.JWSAntTasks.javadoc" value="" />
    <property name="build.generated.sources.dir" value="build/generated-sources" />
    <property name="user.variant" value="" />
    <property name="file.reference.async-http-client-netty-utils-2.12.3.jar" value="lib/async-http-client-netty-utils-2.12.3.jar" />
    <property name="libs.eclipselinkmodelgen.classpath" value="C:\Program Files\NetBeans-13\netbeans\java\modules\ext\eclipselink\org.eclipse.persistence.jpa.modelgen.processor-2.7.9.jar" />
    <property name="libs.javaee-endorsed-api-7.0.src" value="" />
    <property name="sun.java.launcher" value="SUN_STANDARD" />
    <property name="libs.jaxb.javadoc" value="C:\Program Files\NetBeans-13\netbeans\ide\docs\jaxb-api-doc.jar" />
    <property name="platforms.JDK_18.home" value="C:\Program Files\Java\jdk-18.0.1" />
    <property name="libs.struts.classpath" value="C:\Program Files\NetBeans-13\netbeans\enterprise\modules\ext\struts\antlr-2.7.2.jar;C:\Program Files\NetBeans-13\netbeans\enterprise\modules\ext\struts\bsf-2.3.0.jar;C:\Program Files\NetBeans-13\netbeans\enterprise\modules\ext\struts\commons-beanutils-1.8.0.jar;C:\Program Files\NetBeans-13\netbeans\enterprise\modules\ext\struts\commons-chain-1.2.jar;C:\Program Files\NetBeans-13\netbeans\enterprise\modules\ext\struts\commons-digester-1.8.jar;C:\Program Files\NetBeans-13\netbeans\enterprise\modules\ext\struts\commons-fileupload-1.1.1.jar;C:\Program Files\NetBeans-13\netbeans\enterprise\modules\ext\struts\commons-io-1.1.jar;C:\Program Files\NetBeans-13\netbeans\enterprise\modules\ext\struts\commons-logging-1.0.4.jar;C:\Program Files\NetBeans-13\netbeans\enterprise\modules\ext\struts\commons-validator-1.3.1.jar;C:\Program Files\NetBeans-13\netbeans\enterprise\modules\ext\struts\jstl-1.0.2.jar;C:\Program Files\NetBeans-13\netbeans\enterprise\modules\ext\struts\oro-2.0.8.jar;C:\Program Files\NetBeans-13\netbeans\enterprise\modules\ext\struts\standard-1.0.6.jar;C:\Program Files\NetBeans-13\netbeans\enterprise\modules\ext\struts\struts-core-1.3.10.jar;C:\Program Files\NetBeans-13\netbeans\enterprise\modules\ext\struts\struts-el-1.3.10.jar;C:\Program Files\NetBeans-13\netbeans\enterprise\modules\ext\struts\struts-extras-1.3.10.jar;C:\Program Files\NetBeans-13\netbeans\enterprise\modules\ext\struts\struts-faces-1.3.10.jar;C:\Program Files\NetBeans-13\netbeans\enterprise\modules\ext\struts\struts-mailreader-dao-1.3.10.jar;C:\Program Files\NetBeans-13\netbeans\enterprise\modules\ext\struts\struts-scripting-1.3.10.jar;C:\Program Files\NetBeans-13\netbeans\enterprise\modules\ext\struts\struts-taglib-1.3.10.jar;C:\Program Files\NetBeans-13\netbeans\enterprise\modules\ext\struts\struts-tiles-1.3.10.jar" />
    <property name="file.reference.netty-handler-proxy-4.1.76.Final.jar" value="lib/netty-handler-proxy-4.1.76.Final.jar" />
    <property name="application.args.param" value="" />
    <property name="org.openide.awt.SwingBrowserImpl.do-not-block-awt" value="false" />
    <property name="file.reference.selenium-devtools-v99-4.1.4-sources.jar" value="lib/selenium-devtools-v99-4.1.4-sources.jar" />
    <property name="ant.home" value="C:\Program Files\NetBeans-13\netbeans\extide\ant" />
    <property name="libs.junit_4.src" value="C:\Program Files\NetBeans-13\netbeans\platform\docs\junit-4.13.2-sources.jar" />
    <property name="file.reference.auto-service-annotations-1.0.1.jar" value="lib/auto-service-annotations-1.0.1.jar" />
    <property name="libs.testng.classpath" value="C:\Program Files\NetBeans-13\netbeans\platform\modules\ext\testng-6.14.3.jar;C:\Program Files\NetBeans-13\netbeans\platform\modules\ext\jcommander-1.78.jar" />
    <property name="conf.dir" value="src/conf" />
    <property name="webinf.dir" value="web/WEB-INF" />
    <property name="libs.absolutelayout.maven-pom" value="" />
    <property name="ant.java.version" value="1.8" />
    <property name="java.library.path" value="C:\Program Files\Java\jdk1.8.0_331\jre\bin;C:\WINDOWS\Sun\Java\bin;C:\WINDOWS\system32;C:\WINDOWS;C:\Program Files (x86)\Common Files\Oracle\Java\javapath;C:\Program Files\Common Files\Oracle\Java\javapath;C:\WINDOWS\system32;C:\WINDOWS;C:\WINDOWS\System32\Wbem;C:\WINDOWS\System32\WindowsPowerShell\v1.0\;C:\WINDOWS\System32\OpenSSH\;C:\Program Files\NVIDIA Corporation\NVIDIA NvDLISR;C:\Program Files (x86)\Gpg4win\..\GnuPG\bin;C:\Program Files\WireGuard\;C:\Program Files (x86)\NVIDIA Corporation\PhysX\Common;C:\Program Files (x86)\dotnet\;C:\Program Files\nodejs\;C:\Program Files\PuTTY\;C:\Program Files\Git\cmd;C:\Program Files\Java\jdk-11.0.14\bin;C:\Users\Franco\anaconda3;C:\Users\Franco\anaconda3\Library\mingw-w64\bin;C:\Users\Franco\anaconda3\Library\usr\bin;C:\Users\Franco\anaconda3\Library\bin;C:\Users\Franco\anaconda3\Scripts;C:\Users\Franco\AppData\Roaming\npm;C:\Program Files\nodejs\;C:\Users\Franco\AppData\Local\Microsoft\WindowsApps;C:\Program Files\Azure Data Studio\bin;C:\Program Files\Azure Data Studio\bin;C:\Users\Franco\AppData\Local\Programs\Microsoft VS Code\bin;C:\Users\Franco\AppData\Roaming\npm;;." />
    <property name="javadoc.author" value="false" />
    <property name="libs.metro.maven-pom" value="" />
    <property name="libs.EclipseLink-GlassFish-v3.src" value="" />
    <property name="java.util.logging.config.class" value="org.netbeans.core.startup.TopLogging" />
    <property name="libs.spring-framework400.src" value="" />
    <property name="libs.PostgreSQLDriver.src" value="" />
    <property name="libs.graaljs.javadoc" value="" />
    <property name="libs.jakartaee-web-api-9.0.maven-pom" value="" />
    <property name="libs.spring-framework500.javadoc" value="" />
    <property name="libs.graaljs.src" value="" />
    <property name="sun.arch.data.model" value="64" />
    <property name="basedir" value="D:\Escritorio\DUOC\Tecnicas de calidad\CarritoComprasWeb v3\CarritoComprasWeb" />
    <property name="libs.jpa20-persistence.maven-pom" value="" />
    <property name="jar.compress" value="false" />
    <property name="libs.javaee-web-api-7.0.classpath" value="C:\Program Files\NetBeans-13\netbeans\enterprise\modules\ext\javaee-web-api-7.0.jar" />
    <property name="file.reference.selenium-chrome-driver-4.1.4-sources.jar" value="lib/selenium-chrome-driver-4.1.4-sources.jar" />
    <property name="path.separator" value=";" />
    <property name="dist.war" value="dist/CarritoComprasWeb.war" />
    <property name="libs.javaee-web-api-6.0.javadoc" value="C:\Program Files\NetBeans-13\netbeans\enterprise\docs\javaee-doc-api.jar" />
    <property name="ant.junit.enabletestlistenerevents" value="true" />
    <property name="sun.io.unicode.encoding" value="UnicodeLittle" />
    <property name="libs.jaxws21.classpath" value="C:\Program Files\NetBeans-13\netbeans\ide\modules\ext\jaxb\jaxb-impl.jar;C:\Program Files\NetBeans-13\netbeans\ide\modules\ext\jaxb\jaxb-xjc.jar;C:\Program Files\NetBeans-13\netbeans\java\modules\ext\jaxws22\FastInfoset.jar;C:\Program Files\NetBeans-13\netbeans\java\modules\ext\jaxws22\gmbal-api-only.jar;C:\Program Files\NetBeans-13\netbeans\java\modules\ext\jaxws22\ha-api.jar;C:\Program Files\NetBeans-13\netbeans\java\modules\ext\jaxws22\javax.mail_1.4.jar;C:\Program Files\NetBeans-13\netbeans\java\modules\ext\jaxws22\jaxws-rt.jar;C:\Program Files\NetBeans-13\netbeans\java\modules\ext\jaxws22\jaxws-tools.jar;C:\Program Files\NetBeans-13\netbeans\java\modules\ext\jaxws22\management-api.jar;C:\Program Files\NetBeans-13\netbeans\java\modules\ext\jaxws22\mimepull.jar;C:\Program Files\NetBeans-13\netbeans\java\modules\ext\jaxws22\policy.jar;C:\Program Files\NetBeans-13\netbeans\java\modules\ext\jaxws22\saaj-impl.jar;C:\Program Files\NetBeans-13\netbeans\java\modules\ext\jaxws22\stax-ex.jar;C:\Program Files\NetBeans-13\netbeans\java\modules\ext\jaxws22\stax2-api.jar;C:\Program Files\NetBeans-13\netbeans\java\modules\ext\jaxws22\streambuffer.jar;C:\Program Files\NetBeans-13\netbeans\java\modules\ext\jaxws22\woodstox-core-asl.jar;C:\Program Files\NetBeans-13\netbeans\java\modules\ext\jaxws22\api\jaxws-api.jar;C:\Program Files\NetBeans-13\netbeans\java\modules\ext\jaxws22\api\jsr181-api.jar;C:\Program Files\NetBeans-13\netbeans\java\modules\ext\jaxws22\api\javax.annotation.jar;C:\Program Files\NetBeans-13\netbeans\java\modules\ext\jaxws22\api\saaj-api.jar;C:\Program Files\NetBeans-13\netbeans\ide\modules\ext\jaxb\activation.jar;C:\Program Files\NetBeans-13\netbeans\ide\modules\ext\jaxb\api\jaxb-api.jar" />
    <property name="ant.file.type.CarritoComprasWeb" value="file" />
    <property name="libs.struts.src" value="" />
    <property name="apple.awt.graphics.UseQuartz" value="true" />
    <property name="user.language" value="es" />
    <property name="file.reference.selenium-edge-driver-4.1.4-sources.jar" value="lib/selenium-edge-driver-4.1.4-sources.jar" />
    <property name="platforms.JDK_18.compiler" value="modern" />
    <property name="j2ee.platform.classpath" value="C:/GlassFish/glassfish5/glassfish/modules/bean-validator.jar:C:/GlassFish/glassfish5/glassfish/modules/cdi-api.jar:C:/GlassFish/glassfish5/glassfish/modules/endorsed/grizzly-npn-bootstrap.jar:C:/GlassFish/glassfish5/glassfish/modules/endorsed/javax.annotation-api.jar:C:/GlassFish/glassfish5/glassfish/modules/javax.ejb-api.jar:C:/GlassFish/glassfish5/glassfish/modules/javax.el.jar:C:/GlassFish/glassfish5/glassfish/modules/javax.enterprise.deploy-api.jar:C:/GlassFish/glassfish5/glassfish/modules/javax.faces.jar:C:/GlassFish/glassfish5/glassfish/modules/javax.inject.jar:C:/GlassFish/glassfish5/glassfish/modules/javax.interceptor-api.jar:C:/GlassFish/glassfish5/glassfish/modules/javax.json.bind-api.jar:C:/GlassFish/glassfish5/glassfish/modules/javax.json.jar:C:/GlassFish/glassfish5/glassfish/modules/javax.mail.jar:C:/GlassFish/glassfish5/glassfish/modules/javax.management.j2ee-api.jar:C:/GlassFish/glassfish5/glassfish/modules/javax.persistence.jar:C:/GlassFish/glassfish5/glassfish/modules/javax.resource-api.jar:C:/GlassFish/glassfish5/glassfish/modules/javax.security.auth.message-api.jar:C:/GlassFish/glassfish5/glassfish/modules/javax.security.enterprise-api.jar:C:/GlassFish/glassfish5/glassfish/modules/javax.security.enterprise.jar:C:/GlassFish/glassfish5/glassfish/modules/javax.security.jacc-api.jar:C:/GlassFish/glassfish5/glassfish/modules/javax.servlet-api.jar:C:/GlassFish/glassfish5/glassfish/modules/javax.servlet.jsp-api.jar:C:/GlassFish/glassfish5/glassfish/modules/javax.servlet.jsp.jar:C:/GlassFish/glassfish5/glassfish/modules/javax.servlet.jsp.jstl-api.jar:C:/GlassFish/glassfish5/glassfish/modules/javax.servlet.jsp.jstl.jar:C:/GlassFish/glassfish5/glassfish/modules/javax.transaction-api.jar:C:/GlassFish/glassfish5/glassfish/modules/javax.websocket-api.jar:C:/GlassFish/glassfish5/glassfish/modules/javax.ws.rs-api.jar:C:/GlassFish/glassfish5/glassfish/modules/weld-osgi-bundle.jar" />
    <property name="testng.mode" value="testng" />
    <property name="libs.JAXB-ENDORSED.maven-pom" value="" />
    <property name="libs.eclipselink.maven-pom" value="" />
    <property name="build.meta.inf.dir" value="build/web/META-INF" />
    <property name="org.netbeans.io.suspend" value="0" />
    <property name="persistence.xml.dir" value="src/conf" />
    <property name="file.reference.opentelemetry-exporter-logging-1.13.0.jar" value="lib/opentelemetry-exporter-logging-1.13.0.jar" />
    <property name="test.binaryincludes" value="&lt;nothing&gt;" />
    <property name="file.reference.selenium-support-4.1.4.jar" value="lib/selenium-support-4.1.4.jar" />
    <property name="libs.primefaces.javadoc" value="" />
    <property name="libs.spring-framework300.maven-pom" value="" />
    <property name="run.test.classpath" value="D:\Escritorio\DUOC\Tecnicas de calidad\CarritoComprasWeb v3\CarritoComprasWeb\mysql-connector-java-5.1.23-bin.jar:build/web/WEB-INF/classes:C:\Program Files\NetBeans-13\netbeans\platform\modules\ext\junit-4.13.2.jar:C:\Program Files\NetBeans-13\netbeans\platform\modules\ext\hamcrest-core-1.3.jar:lib/async-http-client-2.12.3.jar:lib/async-http-client-netty-utils-2.12.3.jar:lib/auto-common-1.2.1.jar:lib/auto-service-1.0.1.jar:lib/auto-service-annotations-1.0.1.jar:lib/byte-buddy-1.12.9.jar:lib/checker-qual-3.12.0.jar:lib/commons-exec-1.3.jar:lib/error_prone_annotations-2.11.0.jar:lib/failsafe-3.2.3.jar:lib/failureaccess-1.0.1.jar:lib/guava-31.1-jre.jar:lib/j2objc-annotations-1.3.jar:lib/jakarta.activation-1.2.2.jar:lib/jcommander-1.82.jar:lib/jsr305-3.0.2.jar:lib/jtoml-2.0.0.jar:lib/listenablefuture-9999.0-empty-to-avoid-conflict-with-guava.jar:lib/netty-buffer-4.1.76.Final.jar:lib/netty-codec-4.1.76.Final.jar:lib/netty-codec-http-4.1.76.Final.jar:lib/netty-codec-socks-4.1.76.Final.jar:lib/netty-common-4.1.76.Final.jar:lib/netty-handler-4.1.76.Final.jar:lib/netty-handler-proxy-4.1.76.Final.jar:lib/netty-reactive-streams-2.0.4.jar:lib/netty-resolver-4.1.76.Final.jar:lib/netty-transport-4.1.76.Final.jar:lib/netty-transport-classes-epoll-4.1.76.Final.jar:lib/netty-transport-classes-kqueue-4.1.76.Final.jar:lib/netty-transport-native-epoll-4.1.76.Final.jar:lib/netty-transport-native-kqueue-4.1.76.Final.jar:lib/netty-transport-native-unix-common-4.1.76.Final.jar:lib/opentelemetry-api-1.13.0.jar:lib/opentelemetry-context-1.13.0.jar:lib/opentelemetry-exporter-logging-1.13.0.jar:lib/opentelemetry-sdk-1.13.0.jar:lib/opentelemetry-sdk-common-1.13.0.jar:lib/opentelemetry-sdk-extension-autoconfigure-1.13.0-alpha.jar:lib/opentelemetry-sdk-extension-autoconfigure-spi-1.13.0.jar:lib/opentelemetry-sdk-logs-1.13.0-alpha.jar:lib/opentelemetry-sdk-metrics-1.13.0-alpha.jar:lib/opentelemetry-sdk-trace-1.13.0.jar:lib/opentelemetry-semconv-1.13.0-alpha.jar:lib/reactive-streams-1.0.3.jar:lib/selenium-api-4.1.4-sources.jar:lib/selenium-api-4.1.4.jar:lib/selenium-chrome-driver-4.1.4-sources.jar:lib/selenium-chrome-driver-4.1.4.jar:lib/selenium-chromium-driver-4.1.4-sources.jar:lib/selenium-chromium-driver-4.1.4.jar:lib/selenium-devtools-v100-4.1.4-sources.jar:lib/selenium-devtools-v100-4.1.4.jar:lib/selenium-devtools-v101-4.1.4-sources.jar:lib/selenium-devtools-v101-4.1.4.jar:lib/selenium-devtools-v85-4.1.4-sources.jar:lib/selenium-devtools-v85-4.1.4.jar:lib/selenium-devtools-v99-4.1.4-sources.jar:lib/selenium-devtools-v99-4.1.4.jar:lib/selenium-edge-driver-4.1.4-sources.jar:lib/selenium-edge-driver-4.1.4.jar:lib/selenium-firefox-driver-4.1.4-sources.jar:lib/selenium-firefox-driver-4.1.4.jar:lib/selenium-http-4.1.4-sources.jar:lib/selenium-http-4.1.4.jar:lib/selenium-ie-driver-4.1.4-sources.jar:lib/selenium-ie-driver-4.1.4.jar:lib/selenium-java-4.1.4-sources.jar:lib/selenium-java-4.1.4.jar:lib/selenium-json-4.1.4-sources.jar:lib/selenium-json-4.1.4.jar:lib/selenium-opera-driver-4.1.4-sources.jar:lib/selenium-opera-driver-4.1.4.jar:lib/selenium-remote-driver-4.1.4-sources.jar:lib/selenium-remote-driver-4.1.4.jar:lib/selenium-safari-driver-4.1.4-sources.jar:lib/selenium-safari-driver-4.1.4.jar:lib/selenium-support-4.1.4-sources.jar:lib/selenium-support-4.1.4.jar:lib/slf4j-api-1.7.36.jar:C:\Program Files\Java\jdk1.8.0_331:build/test/classes" />
    <property name="ant.project.invoked-targets" value="test" />
    <property name="test.binaryexcludes" value="" />
    <property name="sun.java2d.dpiaware" value="true" />
    <property name="file.reference.auto-common-1.2.1.jar" value="lib/auto-common-1.2.1.jar" />
    <property name="jspc.schemas" value="/resources/schemas/" />
    <property name="file.reference.jsr305-3.0.2.jar" value="lib/jsr305-3.0.2.jar" />
    <property name="https.nonProxyHosts" value="localhost|127.0.0.1|DESKTOP-8TPSBQT" />
    <property name="libs.PostgreSQLDriver.maven-pom" value="" />
    <property name="java.class.version" value="52.0" />
    <property name="libs.JAVADB_DRIVER_LABEL.classpath" value="C:\GlassFish\glassfish5\javadb\lib\derby.jar;C:\GlassFish\glassfish5\javadb\lib\derbyclient.jar;C:\GlassFish\glassfish5\javadb\lib\derbynet.jar" />
    <property name="libs.javaee-endorsed-api-6.0.src" value="" />
    <property name="libs.eclipselink.javadoc" value="C:\Program Files\NetBeans-13\netbeans\java\modules\ext\docs\javax.persistence-2.2.1-doc.zip" />
    <property name="platforms.JDK_1.8.compiler" value="modern" />
    <property name="libs.jsp-compilation.maven-pom" value="" />
    <property name="user.properties.file" value="C:\Users\Franco\AppData\Roaming\NetBeans\13\build.properties" />
    <property name="build.web.dir" value="build/web" />
    <property name="file.encoding.pkg" value="sun.io" />
    <property name="ant.file.CarritoComprasWeb" value="D:\Escritorio\DUOC\Tecnicas de calidad\CarritoComprasWeb v3\CarritoComprasWeb\build.xml" />
    <property name="sun.cpu.endian" value="little" />
    <property name="libs.JAXB-ENDORSED.javadoc" value="" />
    <property name="j2ee.server.middleware" value="C:/GlassFish/glassfish5" />
    <property name="libs.JWSAntTasks.classpath" value="C:\Program Files\NetBeans-13\netbeans\java\ant\extra\org-netbeans-modules-javawebstart-anttasks.jar" />
    <property name="libs.spring-webmvc4.0.maven-pom" value="" />
    <property name="libs.spring-framework300.src" value="" />
    <property name="libs.jstl.src" value="" />
    <property name="empty.dir" value="D:\Escritorio\DUOC\Tecnicas de calidad\CarritoComprasWeb v3\CarritoComprasWeb\build\empty" />
    <property name="display.browser" value="true" />
    <property name="test.binarytestincludes" value="" />
    <property name="file.reference.async-http-client-2.12.3.jar" value="lib/async-http-client-2.12.3.jar" />
    <property name="javadoc.preview" value="true" />
    <property name="libs.jpa20-persistence.javadoc" value="C:\Program Files\NetBeans-13\netbeans\java\modules\ext\docs\javax.persistence-2.2.1-doc.zip" />
    <property name="java.home" value="C:\Program Files\Java\jdk1.8.0_331\jre" />
    <property name="libs.jsp-compilation.src" value="" />
    <property name="libs.jakartaee-web-api-8.0.javadoc" value="C:\Program Files\NetBeans-13\netbeans\enterprise\docs\jakartaee8-doc-api.jar" />
    <property name="debug.test.classpath" value="D:\Escritorio\DUOC\Tecnicas de calidad\CarritoComprasWeb v3\CarritoComprasWeb\mysql-connector-java-5.1.23-bin.jar:build/web/WEB-INF/classes:C:\Program Files\NetBeans-13\netbeans\platform\modules\ext\junit-4.13.2.jar:C:\Program Files\NetBeans-13\netbeans\platform\modules\ext\hamcrest-core-1.3.jar:lib/async-http-client-2.12.3.jar:lib/async-http-client-netty-utils-2.12.3.jar:lib/auto-common-1.2.1.jar:lib/auto-service-1.0.1.jar:lib/auto-service-annotations-1.0.1.jar:lib/byte-buddy-1.12.9.jar:lib/checker-qual-3.12.0.jar:lib/commons-exec-1.3.jar:lib/error_prone_annotations-2.11.0.jar:lib/failsafe-3.2.3.jar:lib/failureaccess-1.0.1.jar:lib/guava-31.1-jre.jar:lib/j2objc-annotations-1.3.jar:lib/jakarta.activation-1.2.2.jar:lib/jcommander-1.82.jar:lib/jsr305-3.0.2.jar:lib/jtoml-2.0.0.jar:lib/listenablefuture-9999.0-empty-to-avoid-conflict-with-guava.jar:lib/netty-buffer-4.1.76.Final.jar:lib/netty-codec-4.1.76.Final.jar:lib/netty-codec-http-4.1.76.Final.jar:lib/netty-codec-socks-4.1.76.Final.jar:lib/netty-common-4.1.76.Final.jar:lib/netty-handler-4.1.76.Final.jar:lib/netty-handler-proxy-4.1.76.Final.jar:lib/netty-reactive-streams-2.0.4.jar:lib/netty-resolver-4.1.76.Final.jar:lib/netty-transport-4.1.76.Final.jar:lib/netty-transport-classes-epoll-4.1.76.Final.jar:lib/netty-transport-classes-kqueue-4.1.76.Final.jar:lib/netty-transport-native-epoll-4.1.76.Final.jar:lib/netty-transport-native-kqueue-4.1.76.Final.jar:lib/netty-transport-native-unix-common-4.1.76.Final.jar:lib/opentelemetry-api-1.13.0.jar:lib/opentelemetry-context-1.13.0.jar:lib/opentelemetry-exporter-logging-1.13.0.jar:lib/opentelemetry-sdk-1.13.0.jar:lib/opentelemetry-sdk-common-1.13.0.jar:lib/opentelemetry-sdk-extension-autoconfigure-1.13.0-alpha.jar:lib/opentelemetry-sdk-extension-autoconfigure-spi-1.13.0.jar:lib/opentelemetry-sdk-logs-1.13.0-alpha.jar:lib/opentelemetry-sdk-metrics-1.13.0-alpha.jar:lib/opentelemetry-sdk-trace-1.13.0.jar:lib/opentelemetry-semconv-1.13.0-alpha.jar:lib/reactive-streams-1.0.3.jar:lib/selenium-api-4.1.4-sources.jar:lib/selenium-api-4.1.4.jar:lib/selenium-chrome-driver-4.1.4-sources.jar:lib/selenium-chrome-driver-4.1.4.jar:lib/selenium-chromium-driver-4.1.4-sources.jar:lib/selenium-chromium-driver-4.1.4.jar:lib/selenium-devtools-v100-4.1.4-sources.jar:lib/selenium-devtools-v100-4.1.4.jar:lib/selenium-devtools-v101-4.1.4-sources.jar:lib/selenium-devtools-v101-4.1.4.jar:lib/selenium-devtools-v85-4.1.4-sources.jar:lib/selenium-devtools-v85-4.1.4.jar:lib/selenium-devtools-v99-4.1.4-sources.jar:lib/selenium-devtools-v99-4.1.4.jar:lib/selenium-edge-driver-4.1.4-sources.jar:lib/selenium-edge-driver-4.1.4.jar:lib/selenium-firefox-driver-4.1.4-sources.jar:lib/selenium-firefox-driver-4.1.4.jar:lib/selenium-http-4.1.4-sources.jar:lib/selenium-http-4.1.4.jar:lib/selenium-ie-driver-4.1.4-sources.jar:lib/selenium-ie-driver-4.1.4.jar:lib/selenium-java-4.1.4-sources.jar:lib/selenium-java-4.1.4.jar:lib/selenium-json-4.1.4-sources.jar:lib/selenium-json-4.1.4.jar:lib/selenium-opera-driver-4.1.4-sources.jar:lib/selenium-opera-driver-4.1.4.jar:lib/selenium-remote-driver-4.1.4-sources.jar:lib/selenium-remote-driver-4.1.4.jar:lib/selenium-safari-driver-4.1.4-sources.jar:lib/selenium-safari-driver-4.1.4.jar:lib/selenium-support-4.1.4-sources.jar:lib/selenium-support-4.1.4.jar:lib/slf4j-api-1.7.36.jar:C:\Program Files\Java\jdk1.8.0_331:build/test/classes" />
    <property name="libs.javaee-endorsed-api-6.0.classpath" value="C:\Program Files\NetBeans-13\netbeans\enterprise\modules\ext\javaee6-endorsed\javax.annotation.jar;C:\Program Files\NetBeans-13\netbeans\enterprise\modules\ext\javaee6-endorsed\jaxb-api-osgi.jar;C:\Program Files\NetBeans-13\netbeans\enterprise\modules\ext\javaee6-endorsed\webservices-api-osgi.jar" />
    <property name="libs.javaee-api-6.0.src" value="" />
    <property name="netbeans.importclass" value="org.netbeans.upgrade.AutoUpgrade" />
    <property name="ant.project.default-target" value="default" />
    <property name="annotation.processing.run.all.processors" value="true" />
    <property name="libs.PostgreSQLDriver.javadoc" value="" />
    <property name="libs.restlib.classpath" value="C:\Program Files\NetBeans-13\netbeans\enterprise\modules\ext\jersey2\jakarta.annotation-api-1.3.5.jar;C:\Program Files\NetBeans-13\netbeans\enterprise\modules\ext\jersey2\jakarta.persistence-api-2.2.3.jar;C:\Program Files\NetBeans-13\netbeans\enterprise\modules\ext\jersey2\jakarta.servlet-api-4.0.4.jar;C:\Program Files\NetBeans-13\netbeans\enterprise\modules\ext\jersey2\jakarta.validation-api-2.0.2.jar;C:\Program Files\NetBeans-13\netbeans\enterprise\modules\ext\jersey2\jakarta.xml.bind-api-2.3.3.jar;C:\Program Files\NetBeans-13\netbeans\enterprise\modules\ext\jersey2\jersey-client-2.34.jar;C:\Program Files\NetBeans-13\netbeans\enterprise\modules\ext\jersey2\jersey-common-2.34.jar;C:\Program Files\NetBeans-13\netbeans\enterprise\modules\ext\jersey2\jersey-server-2.34.jar;C:\Program Files\NetBeans-13\netbeans\enterprise\modules\ext\jersey2\jersey-entity-filtering-2.34.jar;C:\Program Files\NetBeans-13\netbeans\enterprise\modules\ext\jersey2\jersey-hk2-2.34.jar;C:\Program Files\NetBeans-13\netbeans\enterprise\modules\ext\jersey2\jersey-media-moxy-2.34.jar;C:\Program Files\NetBeans-13\netbeans\enterprise\modules\ext\jersey2\jersey-container-servlet-2.34.jar;C:\Program Files\NetBeans-13\netbeans\enterprise\modules\ext\jersey2\jersey-container-servlet-core-2.34.jar;C:\Program Files\NetBeans-13\netbeans\enterprise\modules\ext\jersey2\hk2-api-2.6.1.jar;C:\Program Files\NetBeans-13\netbeans\enterprise\modules\ext\jersey2\hk2-locator-2.6.1.jar;C:\Program Files\NetBeans-13\netbeans\enterprise\modules\ext\jersey2\hk2-utils-2.6.1.jar;C:\Program Files\NetBeans-13\netbeans\enterprise\modules\ext\jersey2\jakarta.inject-2.6.1.jar;C:\Program Files\NetBeans-13\netbeans\enterprise\modules\ext\jersey2\aopalliance-repackaged-2.6.1.jar;C:\Program Files\NetBeans-13\netbeans\enterprise\modules\ext\jersey2\osgi.core-8.0.0.jar;C:\Program Files\NetBeans-13\netbeans\enterprise\modules\ext\jersey2\osgi-resource-locator-1.0.3.jar;C:\Program Files\NetBeans-13\netbeans\java\modules\ext\eclipselink\org.eclipse.persistence.core-2.7.9.jar;C:\Program Files\NetBeans-13\netbeans\java\modules\ext\eclipselink\org.eclipse.persistence.asm-9.1.0.jar;C:\Program Files\NetBeans-13\netbeans\java\modules\ext\eclipselink\org.eclipse.persistence.antlr-2.7.9.jar;C:\Program Files\NetBeans-13\netbeans\java\modules\ext\eclipselink\org.eclipse.persistence.jpa-2.7.9.jar;C:\Program Files\NetBeans-13\netbeans\java\modules\ext\eclipselink\org.eclipse.persistence.jpa.jpql-2.7.9.jar;C:\Program Files\NetBeans-13\netbeans\java\modules\ext\eclipselink\org.eclipse.persistence.moxy-2.7.9.jar" />
    <property name="netbeans.extbrowser.manual_chrome_plugin_install" value="yes" />
    <property name="libs.jakartaee-api-9.0.classpath" value="C:\Program Files\NetBeans-13\netbeans\enterprise\modules\ext\jakarta.jakartaee-api-9.0.0.jar" />
    <property name="http.nonProxyHosts" value="localhost|127.0.0.1|DESKTOP-8TPSBQT" />
    <property name="libs.junit_4.javadoc" value="C:\Program Files\NetBeans-13\netbeans\platform\docs\junit-4.13.2-javadoc.jar" />
    <property name="file.reference.netty-transport-classes-kqueue-4.1.76.Final.jar" value="lib/netty-transport-classes-kqueue-4.1.76.Final.jar" />
    <property name="platforms.JDK_1.8.bootclasspath" value="C:\Program Files\Java\jdk1.8.0_331\jre\lib\resources.jar;C:\Program Files\Java\jdk1.8.0_331\jre\lib\rt.jar;C:\Program Files\Java\jdk1.8.0_331\jre\lib\sunrsasign.jar;C:\Program Files\Java\jdk1.8.0_331\jre\lib\jsse.jar;C:\Program Files\Java\jdk1.8.0_331\jre\lib\jce.jar;C:\Program Files\Java\jdk1.8.0_331\jre\lib\charsets.jar;C:\Program Files\Java\jdk1.8.0_331\jre\lib\jfr.jar;C:\Program Files\Java\jdk1.8.0_331\jre\classes;C:\Program Files\Java\jdk1.8.0_331\jre\lib\ext\access-bridge-64.jar;C:\Program Files\Java\jdk1.8.0_331\jre\lib\ext\cldrdata.jar;C:\Program Files\Java\jdk1.8.0_331\jre\lib\ext\dnsns.jar;C:\Program Files\Java\jdk1.8.0_331\jre\lib\ext\jaccess.jar;C:\Program Files\Java\jdk1.8.0_331\jre\lib\ext\jfxrt.jar;C:\Program Files\Java\jdk1.8.0_331\jre\lib\ext\localedata.jar;C:\Program Files\Java\jdk1.8.0_331\jre\lib\ext\nashorn.jar;C:\Program Files\Java\jdk1.8.0_331\jre\lib\ext\sunec.jar;C:\Program Files\Java\jdk1.8.0_331\jre\lib\ext\sunjce_provider.jar;C:\Program Files\Java\jdk1.8.0_331\jre\lib\ext\sunmscapi.jar;C:\Program Files\Java\jdk1.8.0_331\jre\lib\ext\sunpkcs11.jar;C:\Program Files\Java\jdk1.8.0_331\jre\lib\ext\zipfs.jar" />
    <property name="libs.EclipseLink-GlassFish-v3.maven-pom" value="" />
    <property name="libs.javaee-web-api-6.0.maven-pom" value="" />
    <property name="j2ee.deploy.on.save" value="true" />
    <property name="jna.boot.library.name" value="jnidispatch-nb" />
    <property name="libs.javaee-endorsed-api-6.0.javadoc" value="C:\Program Files\NetBeans-13\netbeans\enterprise\docs\javaee-doc-api.jar" />
    <property name="libs.javaee-api-7.0.classpath" value="C:\Program Files\NetBeans-13\netbeans\enterprise\modules\ext\javaee-api-7.0.jar" />
    <property name="sun.awt.datatransfer.timeout" value="1000" />
    <property name="file.reference.opentelemetry-sdk-logs-1.13.0-alpha.jar" value="lib/opentelemetry-sdk-logs-1.13.0-alpha.jar" />
    <property name="libs.jakartaee-api-9.0.src" value="" />
    <property name="libs.spring-webmvc3.0.javadoc" value="" />
    <property name="annotation.processing.enabled.in.editor" value="true" />
    <property name="nb.native.filechooser" value="false" />
    <property name="libs.restapi.src" value="" />
    <property name="sun.management.compiler" value="HotSpot 64-Bit Tiered Compilers" />
    <property name="javac.deprecation" value="false" />
    <property name="javadoc.use" value="true" />
    <property name="file.reference.selenium-chromium-driver-4.1.4-sources.jar" value="lib/selenium-chromium-driver-4.1.4-sources.jar" />
    <property name="client.urlPart" value="" />
    <property name="sun.java2d.noddraw" value="true" />
    <property name="libs.jsp-compiler.classpath" value="C:\Program Files\NetBeans-13\netbeans\enterprise\ant\extra\jspcompile.jar" />
    <property name="dist.ear.war" value="dist/CarritoComprasWeb.war" />
    <property name="javac.processorpath" value="D:\Escritorio\DUOC\Tecnicas de calidad\CarritoComprasWeb v3\CarritoComprasWeb\mysql-connector-java-5.1.23-bin.jar" />
    <property name="libs.hamcrest.maven-pom" value="" />
    <property name="libs.junit_5.classpath" value="C:\Program Files\NetBeans-13\netbeans\platform\modules\ext\junit-jupiter-api-5.6.0.jar;C:\Program Files\NetBeans-13\netbeans\platform\modules\ext\junit-jupiter-params-5.6.0.jar;C:\Program Files\NetBeans-13\netbeans\platform\modules\ext\junit-jupiter-engine-5.6.0.jar" />
    <property name="file.reference.selenium-chromium-driver-4.1.4.jar" value="lib/selenium-chromium-driver-4.1.4.jar" />
    <property name="javac.compilerargs" value="" />
    <property name="ant.file" value="D:\Escritorio\DUOC\Tecnicas de calidad\CarritoComprasWeb v3\CarritoComprasWeb\build.xml" />
    <property name="file.reference.selenium-java-4.1.4.jar" value="lib/selenium-java-4.1.4.jar" />
    <property name="libs.jsf12.classpath" value="C:\Program Files\NetBeans-13\netbeans\enterprise\modules\ext\jsf-1_2\jsf-api.jar;C:\Program Files\NetBeans-13\netbeans\enterprise\modules\ext\jsf-1_2\jsf-impl.jar" />
    <property name="file.reference.opentelemetry-sdk-common-1.13.0.jar" value="lib/opentelemetry-sdk-common-1.13.0.jar" />
    <property name="libs.Java-EE-GlassFish-v3-Prelude.classpath" value="C:\GlassFish\glassfish5\glassfish\modules\endorsed\grizzly-npn-bootstrap.jar;C:\GlassFish\glassfish5\glassfish\modules\endorsed\javax.annotation-api.jar;C:\GlassFish\glassfish5\glassfish\modules\bean-validator.jar;C:\GlassFish\glassfish5\glassfish\modules\cdi-api.jar;C:\GlassFish\glassfish5\glassfish\modules\javax.ejb-api.jar;C:\GlassFish\glassfish5\glassfish\modules\javax.el.jar;C:\GlassFish\glassfish5\glassfish\modules\javax.enterprise.deploy-api.jar;C:\GlassFish\glassfish5\glassfish\modules\javax.faces.jar;C:\GlassFish\glassfish5\glassfish\modules\javax.inject.jar;C:\GlassFish\glassfish5\glassfish\modules\javax.interceptor-api.jar;C:\GlassFish\glassfish5\glassfish\modules\javax.json.bind-api.jar;C:\GlassFish\glassfish5\glassfish\modules\javax.json.jar;C:\GlassFish\glassfish5\glassfish\modules\javax.mail.jar;C:\GlassFish\glassfish5\glassfish\modules\javax.management.j2ee-api.jar;C:\GlassFish\glassfish5\glassfish\modules\javax.persistence.jar;C:\GlassFish\glassfish5\glassfish\modules\javax.resource-api.jar;C:\GlassFish\glassfish5\glassfish\modules\javax.security.auth.message-api.jar;C:\GlassFish\glassfish5\glassfish\modules\javax.security.enterprise-api.jar;C:\GlassFish\glassfish5\glassfish\modules\javax.security.enterprise.jar;C:\GlassFish\glassfish5\glassfish\modules\javax.security.jacc-api.jar;C:\GlassFish\glassfish5\glassfish\modules\javax.servlet-api.jar;C:\GlassFish\glassfish5\glassfish\modules\javax.servlet.jsp-api.jar;C:\GlassFish\glassfish5\glassfish\modules\javax.servlet.jsp.jar;C:\GlassFish\glassfish5\glassfish\modules\javax.servlet.jsp.jstl-api.jar;C:\GlassFish\glassfish5\glassfish\modules\javax.servlet.jsp.jstl.jar;C:\GlassFish\glassfish5\glassfish\modules\javax.transaction-api.jar;C:\GlassFish\glassfish5\glassfish\modules\javax.websocket-api.jar;C:\GlassFish\glassfish5\glassfish\modules\javax.ws.rs-api.jar;C:\GlassFish\glassfish5\glassfish\modules\weld-osgi-bundle.jar" />
    <property name="has.custom.manifest" value="true" />
    <property name="libs.jstl.maven-pom" value="" />
    <property name="libs.restapi.maven-pom" value="" />
    <property name="java.vm.specification.vendor" value="Oracle Corporation" />
    <property name="org.openide.major.version" value="IDE/1" />
    <property name="java.vm.name" value="Java HotSpot(TM) 64-Bit Server VM" />
    <property name="do.display.browser.debug" value="true" />
    <property name="netbeans.user" value="C:\Users\Franco\AppData\Roaming\NetBeans\13" />
    <property name="javadoc.additionalparam" value="" />
    <property name="java.vendor.url" value="http://java.oracle.com/" />
    <property name="java.io.tmpdir" value="C:\Users\Franco\AppData\Local\Temp\" />
    <property name="junit.available" value="true" />
    <property name="jna.loaded" value="true" />
    <property name="endorsed.classpath.cmd.line.arg" value="-Xbootclasspath/p:&apos;C:\Program Files\NetBeans-13\netbeans\enterprise\modules\ext\javaee7-endorsed\javax.annotation-api.jar;C:\Program Files\NetBeans-13\netbeans\enterprise\modules\ext\javaee7-endorsed\javax.xml.soap-api.jar;C:\Program Files\NetBeans-13\netbeans\enterprise\modules\ext\javaee7-endorsed\jaxb-api-osgi.jar;C:\Program Files\NetBeans-13\netbeans\enterprise\modules\ext\javaee7-endorsed\jaxws-api.jar;C:\Program Files\NetBeans-13\netbeans\enterprise\modules\ext\javaee7-endorsed\jsr181-api.jar&apos;" />
    <property name="libs.javaee-web-api-8.0.classpath" value="C:\Program Files\NetBeans-13\netbeans\enterprise\modules\ext\javaee-web-api-8.0.jar" />
    <property name="compile.jsps" value="false" />
    <property name="libs.jakartaee-api-9.0.javadoc" value="C:\Program Files\NetBeans-13\netbeans\enterprise\docs\jakartaee9-doc-api.jar" />
    <property name="libs.jsp-compiler.src" value="" />
    <property name="deploy.ant.properties.file" value="C:\Users\Franco\AppData\Roaming\NetBeans\13\config\GlassFishEE6\Properties\gfv336437574.properties" />
    <property name="libs.jakartaee-web-api-9.0.classpath" value="C:\Program Files\NetBeans-13\netbeans\enterprise\modules\ext\jakarta.jakartaee-web-api-9.0.0.jar" />
    <property name="have.sources" value="true" />
    <property name="sun.boot.library.path" value="C:\Program Files\Java\jdk1.8.0_331\jre\bin" />
    <property name="libs.hamcrest.javadoc" value="" />
    <property name="libs.graaljs.classpath" value="C:\Program Files\NetBeans-13\netbeans\webcommon\modules\ext\js-20.3.0.jar;C:\Program Files\NetBeans-13\netbeans\webcommon\modules\ext\js-launcher-20.3.0.jar;C:\Program Files\NetBeans-13\netbeans\webcommon\modules\ext\regex-20.3.0.jar;C:\Program Files\NetBeans-13\netbeans\webcommon\modules\ext\icu4j-67.1.jar;C:\Program Files\NetBeans-13\netbeans\ide\modules\ext\graal-sdk-20.3.0.jar;C:\Program Files\NetBeans-13\netbeans\ide\modules\ext\launcher-common-20.3.0.jar;C:\Program Files\NetBeans-13\netbeans\ide\modules\ext\truffle-api-20.3.0.jar" />
    <property name="war.name" value="CarritoComprasWeb.war" />
    <property name="debug.classpath" value="build/web/WEB-INF/classes:D:\Escritorio\DUOC\Tecnicas de calidad\CarritoComprasWeb v3\CarritoComprasWeb\mysql-connector-java-5.1.23-bin.jar" />
    <property name="javadoc.private" value="false" />
    <property name="file.reference.selenium-devtools-v100-4.1.4.jar" value="lib/selenium-devtools-v100-4.1.4.jar" />
    <property name="test.src.dir" value="test" />
    <property name="libs.jakartaee-api-8.0.src" value="" />
    <property name="libs.jakartaee-web-api-9.0.src" value="" />
    <property name="libs.jsf20.classpath" value="C:\Program Files\NetBeans-13\netbeans\enterprise\modules\ext\jsf-2_2\javax.faces.jar" />
    <property name="file.reference.jcommander-1.82.jar" value="lib/jcommander-1.82.jar" />
    <property name="ap.processors.internal" value="" />
    <property name="libs.javaee-api-8.0.javadoc" value="C:\Program Files\NetBeans-13\netbeans\enterprise\docs\javaee-doc-api.jar" />
    <property name="javadoc.encoding.used" value="UTF-8" />
    <property name="file.reference.selenium-http-4.1.4-sources.jar" value="lib/selenium-http-4.1.4-sources.jar" />
    <property name="file.reference.netty-transport-native-epoll-4.1.76.Final.jar" value="lib/netty-transport-native-epoll-4.1.76.Final.jar" />
    <property name="libs.spring-framework400.maven-pom" value="" />
    <property name="java.runtime.name" value="Java(TM) SE Runtime Environment" />
    <property name="ant.project.name" value="CarritoComprasWeb" />
    <property name="libs.spring-webmvc5.0.src" value="" />
    <property name="netbeans.hash.code" value="unique=NB_EXTIDE_JAVA_PHP_WEBCOMMON_WEBEE0d92721d2-1dc4-43ad-a353-7e0f23e32a12_0f411d59-a691-467d-8e01-ae1ae9a448a9" />
    <property name="libs.jsp-compilation-syscp.maven-pom" value="" />
    <property name="netbeans.default_userdir_root" value="C:\Users\Franco\AppData\Roaming\NetBeans" />
    <property name="sun.cpu.isalist" value="amd64" />
    <property name="libs.jakartaee-web-api-8.0.classpath" value="C:\Program Files\NetBeans-13\netbeans\enterprise\modules\ext\jakarta.jakartaee-web-api-8.0.0.jar" />
    <property name="libs.CopyLibs.javadoc" value="" />
    <property name="libs.spring-framework400.javadoc" value="" />
    <property name="j2ee.server.domain" value="C:/GlassFish/glassfish5/glassfish/domains/domain1" />
    <property name="libs.jakartaee-api-8.0.maven-pom" value="" />
    <property name="org.openide.specification.version" value="6.2" />
    <property name="file.reference.selenium-opera-driver-4.1.4.jar" value="lib/selenium-opera-driver-4.1.4.jar" />
    <property name="j2ee.server.home" value="C:/GlassFish/glassfish5/glassfish" />
    <property name="user.home" value="C:\Users\Franco" />
    <property name="annotation.processing.processors.list" value="" />
    <property name="libs.primefaces.maven-pom" value="" />
    <property name="libs.javaee-api-6.0.maven-pom" value="" />
    <property name="libs.JWSAntTasks.src" value="" />
    <property name="libs.CopyLibs.maven-pom" value="" />
    <property name="libs.absolutelayout.javadoc" value="" />
    <property name="libs.spring-framework300.javadoc" value="" />
    <property name="java.specification.name" value="Java Platform API Specification" />
    <property name="libs.spring-webmvc5.0.maven-pom" value="" />
    <property name="no.dist.ear.dir" value="true" />
    <property name="file.reference.selenium-firefox-driver-4.1.4.jar" value="lib/selenium-firefox-driver-4.1.4.jar" />
    <property name="java.specification.vendor" value="Oracle Corporation" />
    <property name="file.reference.opentelemetry-sdk-metrics-1.13.0-alpha.jar" value="lib/opentelemetry-sdk-metrics-1.13.0-alpha.jar" />
    <property name="java.version" value="1.8.0_331" />
    <property name="file.reference.selenium-api-4.1.4.jar" value="lib/selenium-api-4.1.4.jar" />
    <property name="javadoc.version" value="false" />
    <property name="run.jvmargs.ide" value="" />
    <property name="file.reference.j2objc-annotations-1.3.jar" value="lib/j2objc-annotations-1.3.jar" />
    <property name="org.openide.version" value="deprecated" />
    <property name="file.reference.netty-transport-classes-epoll-4.1.76.Final.jar" value="lib/netty-transport-classes-epoll-4.1.76.Final.jar" />
    <property name="source.encoding" value="UTF-8" />
    <property name="ap.cmd.line.internal" value="" />
    <property name="libs.eclipselinkmodelgen.maven-pom" value="" />
    <property name="file.reference.selenium-edge-driver-4.1.4.jar" value="lib/selenium-edge-driver-4.1.4.jar" />
    <property name="libs.jsp-compilation-syscp.javadoc" value="" />
    <property name="libs.javaee-web-api-8.0.src" value="" />
    <property name="libs.javaee-endorsed-api-7.0.classpath" value="C:\Program Files\NetBeans-13\netbeans\enterprise\modules\ext\javaee7-endorsed\javax.annotation-api.jar;C:\Program Files\NetBeans-13\netbeans\enterprise\modules\ext\javaee7-endorsed\javax.xml.soap-api.jar;C:\Program Files\NetBeans-13\netbeans\enterprise\modules\ext\javaee7-endorsed\jaxb-api-osgi.jar;C:\Program Files\NetBeans-13\netbeans\enterprise\modules\ext\javaee7-endorsed\jaxws-api.jar;C:\Program Files\NetBeans-13\netbeans\enterprise\modules\ext\javaee7-endorsed\jsr181-api.jar" />
    <property name="libs.eclipselinkmodelgen.javadoc" value="" />
    <property name="libs.metro.javadoc" value="C:\Program Files\NetBeans-13\netbeans\enterprise\docs\webservices-api-javadoc.jar;C:\Program Files\NetBeans-13\netbeans\enterprise\docs\webservices-extra-javadoc.jar;C:\Program Files\NetBeans-13\netbeans\enterprise\docs\webservices-extra-api-javadoc.jar;C:\Program Files\NetBeans-13\netbeans\enterprise\docs\webservices-rt-javadoc.jar;C:\Program Files\NetBeans-13\netbeans\enterprise\docs\webservices-tools-javadoc.jar" />
    <property name="libs.struts.maven-pom" value="" />
    <property name="jnidispatch.path" value="C:\Users\Franco\AppData\Local\Temp\jna-2112320581\jna5989851913468949744.dll" />
    <property name="netbeans.home+have.tests" value="true" />
    <property name="libs.testng.maven-pom" value="" />
    <property name="file.reference.netty-transport-native-kqueue-4.1.76.Final.jar" value="lib/netty-transport-native-kqueue-4.1.76.Final.jar" />
    <property name="libs.jaxb.src" value="" />
    <property name="libs.jaxb.classpath" value="C:\Program Files\NetBeans-13\netbeans\ide\modules\ext\jaxb\jaxb-impl.jar;C:\Program Files\NetBeans-13\netbeans\ide\modules\ext\jaxb\jaxb-xjc.jar;C:\Program Files\NetBeans-13\netbeans\ide\modules\ext\jaxb\activation.jar;C:\Program Files\NetBeans-13\netbeans\ide\modules\ext\jaxb\api\jaxb-api.jar" />
    <property name="dist.javadoc.dir" value="dist/javadoc" />
    <property name="libs.spring-webmvc3.0.classpath" value="C:\Program Files\NetBeans-13\netbeans\java\modules\ext\spring-3.0\spring-webmvc-3.2.18.RELEASE.jar" />
    <property name="jspc.dtds" value="/resources/dtds/" />
    <property name="libs.javaee-web-api-7.0.maven-pom" value="" />
    <property name="file.reference.netty-handler-4.1.76.Final.jar" value="lib/netty-handler-4.1.76.Final.jar" />
    <property name="file.reference.selenium-json-4.1.4.jar" value="lib/selenium-json-4.1.4.jar" />
    <property name="libs.restlib.src" value="" />
    <property name="javac.source" value="1.8" />
    <property name="build.generated.dir" value="build/generated" />
    <property name="file.reference.byte-buddy-1.12.9.jar" value="lib/byte-buddy-1.12.9.jar" />
    <property name="ant.file.type.CarritoComprasWeb-impl" value="file" />
    <property name="line.separator" value="&#xd;&#xa;" />
    <property name="libs.javaee-api-8.0.classpath" value="C:\Program Files\NetBeans-13\netbeans\enterprise\modules\ext\javaee-api-8.0.jar" />
    <property name="java.specification.version" value="1.8" />
    <property name="java.vm.info" value="mixed mode" />
    <property name="libs.jaxws21.maven-pom" value="" />
    <property name="nb.junit.batch" value="true" />
    <property name="file.reference.failureaccess-1.0.1.jar" value="lib/failureaccess-1.0.1.jar" />
    <property name="file.reference.netty-codec-4.1.76.Final.jar" value="lib/netty-codec-4.1.76.Final.jar" />
    <property name="sun.boot.class.path" value="C:\Program Files\NetBeans-13\netbeans\enterprise\modules\ext\javaee7-endorsed\javax.annotation-api.jar;C:\Program Files\NetBeans-13\netbeans\enterprise\modules\ext\javaee7-endorsed\javax.xml.soap-api.jar;C:\Program Files\NetBeans-13\netbeans\enterprise\modules\ext\javaee7-endorsed\jaxb-api-osgi.jar;C:\Program Files\NetBeans-13\netbeans\enterprise\modules\ext\javaee7-endorsed\jaxws-api.jar;C:\Program Files\NetBeans-13\netbeans\enterprise\modules\ext\javaee7-endorsed\jsr181-api.jar;C:\Program Files\Java\jdk1.8.0_331\jre\lib\resources.jar;C:\Program Files\Java\jdk1.8.0_331\jre\lib\rt.jar;C:\Program Files\Java\jdk1.8.0_331\jre\lib\sunrsasign.jar;C:\Program Files\Java\jdk1.8.0_331\jre\lib\jsse.jar;C:\Program Files\Java\jdk1.8.0_331\jre\lib\jce.jar;C:\Program Files\Java\jdk1.8.0_331\jre\lib\charsets.jar;C:\Program Files\Java\jdk1.8.0_331\jre\lib\jfr.jar;C:\Program Files\Java\jdk1.8.0_331\jre\classes" />
    <property name="javac.target" value="1.8" />
    <property name="build.test.classes.dir" value="build/test/classes" />
    <property name="src.dir" value="src/java" />
    <property name="sun.awt.keepWorkingSetOnMinimize" value="true" />
    <property name="annotation.processing.enabled" value="true" />
    <property name="libs.jsf20.src" value="" />
    <property name="libs.jpa20-persistence.src" value="" />
    <property name="file.reference.selenium-firefox-driver-4.1.4-sources.jar" value="lib/selenium-firefox-driver-4.1.4-sources.jar" />
    <property name="libs.jsf12.src" value="" />
    <property name="file.reference.reactive-streams-1.0.3.jar" value="lib/reactive-streams-1.0.3.jar" />
    <property name="j2ee.platform" value="1.7-web" />
    <property name="file.reference.opentelemetry-sdk-1.13.0.jar" value="lib/opentelemetry-sdk-1.13.0.jar" />
    <property name="libs.JAVADB_DRIVER_LABEL.maven-pom" value="" />
    <property name="libs.struts.javadoc" value="C:\Program Files\NetBeans-13\netbeans\enterprise\docs\struts-1.3.10-javadoc.zip" />
    <property name="ignore.failing.tests" value="true" />
    <property name="libs.Comet-GlassFish-v3.classpath" value="" />
    <property name="web.docbase.dir" value="web" />
    <property name="libs.javaee-web-api-7.0.src" value="" />
    <property name="libs.primefaces.src" value="" />
    <property name="dist.dir" value="dist" />
    <property name="libs.groovy-all.javadoc" value="" />
    <property name="testng.debug.mode" value="" />
    <property name="libs.groovy-all.classpath" value="C:\Program Files\NetBeans-13\netbeans\groovy\modules\ext\groovy-3.0.8.jar;C:\Program Files\NetBeans-13\netbeans\groovy\modules\ext\groovy-ant-3.0.8.jar" />
    <property name="javac.fork" value="false" />
    <property name="java.awt.printerjob" value="sun.awt.windows.WPrinterJob" />
    <property name="default.javac.source" value="1.8" />
    <property name="debug-transport-by-os" value="dt_shmem" />
    <property name="file.reference.Java-jdk1.8.0_331" value="C:\Program Files\Java\jdk1.8.0_331" />
    <property name="sun.jnu.encoding" value="Cp1252" />
    <property name="file.reference.opentelemetry-sdk-extension-autoconfigure-1.13.0-alpha.jar" value="lib/opentelemetry-sdk-extension-autoconfigure-1.13.0-alpha.jar" />
    <property name="build.test.results.dir" value="build/test/results" />
    <property name="java.runtime.version" value="1.8.0_331-b09" />
    <property name="file.reference.guava-31.1-jre.jar" value="lib/guava-31.1-jre.jar" />
    <property name="do.tmp.war.package.with.custom.manifest" value="true" />
    <property name="default.javac.target" value="1.8" />
    <property name="libs.junit_4.classpath" value="C:\Program Files\NetBeans-13\netbeans\platform\modules\ext\junit-4.13.2.jar" />
    <property name="user.timezone" value="" />
    <property name="nb.junit.single" value="false" />
    <property name="libs.javaee-endorsed-api-6.0.maven-pom" value="" />
    <property name="libs.JAVADB_DRIVER_LABEL.javadoc" value="" />
    <property name="netbeans.dirs" value="C:\Program Files\NetBeans-13\netbeans\nb;C:\Program Files\NetBeans-13\netbeans\ergonomics;C:\Program Files\NetBeans-13\netbeans\ide;C:\Program Files\NetBeans-13\netbeans\extide;C:\Program Files\NetBeans-13\netbeans\java;C:\Program Files\NetBeans-13\netbeans\apisupport;C:\Program Files\NetBeans-13\netbeans\webcommon;C:\Program Files\NetBeans-13\netbeans\websvccommon;C:\Program Files\NetBeans-13\netbeans\enterprise;C:\Program Files\NetBeans-13\netbeans\mobility;C:\Program Files\NetBeans-13\netbeans\profiler;C:\Program Files\NetBeans-13\netbeans\python;C:\Program Files\NetBeans-13\netbeans\php;C:\Program Files\NetBeans-13\netbeans\identity;C:\Program Files\NetBeans-13\netbeans\harness;C:\Program Files\NetBeans-13\netbeans\cnd;C:\Program Files\NetBeans-13\netbeans\cndext;C:\Program Files\NetBeans-13\netbeans\cpplite;C:\Program Files\NetBeans-13\netbeans\dlight;C:\Program Files\NetBeans-13\netbeans\groovy;C:\Program Files\NetBeans-13\netbeans\extra;C:\Program Files\NetBeans-13\netbeans\javacard;C:\Program Files\NetBeans-13\netbeans\javafx" />
    <property name="libs.spring-framework500.maven-pom" value="" />
    <property name="libs.jsf20.javadoc" value="C:\Program Files\NetBeans-13\netbeans\enterprise\docs\javaee-doc-api.jar" />
    <property name="libs.jstl.javadoc" value="C:\Program Files\NetBeans-13\netbeans\enterprise\docs\javaee-doc-api.jar" />
    <property name="file.reference.netty-codec-socks-4.1.76.Final.jar" value="lib/netty-codec-socks-4.1.76.Final.jar" />
    <property name="java.ext.dirs" value="C:\Program Files\Java\jdk1.8.0_331\jre\lib\ext;C:\WINDOWS\Sun\Java\lib\ext" />
    <property name="libs.metro.src" value="" />
    <property name="endorsed.classpath" value="C:\Program Files\NetBeans-13\netbeans\enterprise\modules\ext\javaee7-endorsed\javax.annotation-api.jar;C:\Program Files\NetBeans-13\netbeans\enterprise\modules\ext\javaee7-endorsed\javax.xml.soap-api.jar;C:\Program Files\NetBeans-13\netbeans\enterprise\modules\ext\javaee7-endorsed\jaxb-api-osgi.jar;C:\Program Files\NetBeans-13\netbeans\enterprise\modules\ext\javaee7-endorsed\jaxws-api.jar;C:\Program Files\NetBeans-13\netbeans\enterprise\modules\ext\javaee7-endorsed\jsr181-api.jar" />
    <property name="libs.absolutelayout.classpath" value="C:\Program Files\NetBeans-13\netbeans\java\modules\ext\AbsoluteLayout.jar" />
    <property name="excludes" value="" />
    <property name="libs.metro.classpath" value="C:\Program Files\NetBeans-13\netbeans\ide\modules\ext\jaxb\activation.jar;C:\Program Files\NetBeans-13\netbeans\enterprise\modules\ext\metro\webservices-api.jar;C:\Program Files\NetBeans-13\netbeans\enterprise\modules\ext\metro\webservices-extra-api.jar;C:\Program Files\NetBeans-13\netbeans\enterprise\modules\ext\metro\webservices-extra.jar;C:\Program Files\NetBeans-13\netbeans\enterprise\modules\ext\metro\webservices-rt.jar;C:\Program Files\NetBeans-13\netbeans\enterprise\modules\ext\metro\webservices-tools.jar" />
    <property name="libs.restlib.maven-pom" value="" />
    <property name="apple.laf.useScreenMenuBar" value="true" />
    <property name="file.reference.jakarta.activation-1.2.2.jar" value="lib/jakarta.activation-1.2.2.jar" />
    <property name="java.class.path" value="D:\Escritorio\DUOC\Tecnicas de calidad\CarritoComprasWeb v3\CarritoComprasWeb\mysql-connector-java-5.1.23-bin.jar;D:\Escritorio\DUOC\Tecnicas de calidad\CarritoComprasWeb v3\CarritoComprasWeb\build\web\WEB-INF\classes;C:\Program Files\NetBeans-13\netbeans\platform\modules\ext\junit-4.13.2.jar;C:\Program Files\NetBeans-13\netbeans\platform\modules\ext\hamcrest-core-1.3.jar;D:\Escritorio\DUOC\Tecnicas de calidad\CarritoComprasWeb v3\CarritoComprasWeb\lib\async-http-client-2.12.3.jar;D:\Escritorio\DUOC\Tecnicas de calidad\CarritoComprasWeb v3\CarritoComprasWeb\lib\async-http-client-netty-utils-2.12.3.jar;D:\Escritorio\DUOC\Tecnicas de calidad\CarritoComprasWeb v3\CarritoComprasWeb\lib\auto-common-1.2.1.jar;D:\Escritorio\DUOC\Tecnicas de calidad\CarritoComprasWeb v3\CarritoComprasWeb\lib\auto-service-1.0.1.jar;D:\Escritorio\DUOC\Tecnicas de calidad\CarritoComprasWeb v3\CarritoComprasWeb\lib\auto-service-annotations-1.0.1.jar;D:\Escritorio\DUOC\Tecnicas de calidad\CarritoComprasWeb v3\CarritoComprasWeb\lib\byte-buddy-1.12.9.jar;D:\Escritorio\DUOC\Tecnicas de calidad\CarritoComprasWeb v3\CarritoComprasWeb\lib\checker-qual-3.12.0.jar;D:\Escritorio\DUOC\Tecnicas de calidad\CarritoComprasWeb v3\CarritoComprasWeb\lib\commons-exec-1.3.jar;D:\Escritorio\DUOC\Tecnicas de calidad\CarritoComprasWeb v3\CarritoComprasWeb\lib\error_prone_annotations-2.11.0.jar;D:\Escritorio\DUOC\Tecnicas de calidad\CarritoComprasWeb v3\CarritoComprasWeb\lib\failsafe-3.2.3.jar;D:\Escritorio\DUOC\Tecnicas de calidad\CarritoComprasWeb v3\CarritoComprasWeb\lib\failureaccess-1.0.1.jar;D:\Escritorio\DUOC\Tecnicas de calidad\CarritoComprasWeb v3\CarritoComprasWeb\lib\guava-31.1-jre.jar;D:\Escritorio\DUOC\Tecnicas de calidad\CarritoComprasWeb v3\CarritoComprasWeb\lib\j2objc-annotations-1.3.jar;D:\Escritorio\DUOC\Tecnicas de calidad\CarritoComprasWeb v3\CarritoComprasWeb\lib\jakarta.activation-1.2.2.jar;D:\Escritorio\DUOC\Tecnicas de calidad\CarritoComprasWeb v3\CarritoComprasWeb\lib\jcommander-1.82.jar;D:\Escritorio\DUOC\Tecnicas de calidad\CarritoComprasWeb v3\CarritoComprasWeb\lib\jsr305-3.0.2.jar;D:\Escritorio\DUOC\Tecnicas de calidad\CarritoComprasWeb v3\CarritoComprasWeb\lib\jtoml-2.0.0.jar;D:\Escritorio\DUOC\Tecnicas de calidad\CarritoComprasWeb v3\CarritoComprasWeb\lib\listenablefuture-9999.0-empty-to-avoid-conflict-with-guava.jar;D:\Escritorio\DUOC\Tecnicas de calidad\CarritoComprasWeb v3\CarritoComprasWeb\lib\netty-buffer-4.1.76.Final.jar;D:\Escritorio\DUOC\Tecnicas de calidad\CarritoComprasWeb v3\CarritoComprasWeb\lib\netty-codec-4.1.76.Final.jar;D:\Escritorio\DUOC\Tecnicas de calidad\CarritoComprasWeb v3\CarritoComprasWeb\lib\netty-codec-http-4.1.76.Final.jar;D:\Escritorio\DUOC\Tecnicas de calidad\CarritoComprasWeb v3\CarritoComprasWeb\lib\netty-codec-socks-4.1.76.Final.jar;D:\Escritorio\DUOC\Tecnicas de calidad\CarritoComprasWeb v3\CarritoComprasWeb\lib\netty-common-4.1.76.Final.jar;D:\Escritorio\DUOC\Tecnicas de calidad\CarritoComprasWeb v3\CarritoComprasWeb\lib\netty-handler-4.1.76.Final.jar;D:\Escritorio\DUOC\Tecnicas de calidad\CarritoComprasWeb v3\CarritoComprasWeb\lib\netty-handler-proxy-4.1.76.Final.jar;D:\Escritorio\DUOC\Tecnicas de calidad\CarritoComprasWeb v3\CarritoComprasWeb\lib\netty-reactive-streams-2.0.4.jar;D:\Escritorio\DUOC\Tecnicas de calidad\CarritoComprasWeb v3\CarritoComprasWeb\lib\netty-resolver-4.1.76.Final.jar;D:\Escritorio\DUOC\Tecnicas de calidad\CarritoComprasWeb v3\CarritoComprasWeb\lib\netty-transport-4.1.76.Final.jar;D:\Escritorio\DUOC\Tecnicas de calidad\CarritoComprasWeb v3\CarritoComprasWeb\lib\netty-transport-classes-epoll-4.1.76.Final.jar;D:\Escritorio\DUOC\Tecnicas de calidad\CarritoComprasWeb v3\CarritoComprasWeb\lib\netty-transport-classes-kqueue-4.1.76.Final.jar;D:\Escritorio\DUOC\Tecnicas de calidad\CarritoComprasWeb v3\CarritoComprasWeb\lib\netty-transport-native-epoll-4.1.76.Final.jar;D:\Escritorio\DUOC\Tecnicas de calidad\CarritoComprasWeb v3\CarritoComprasWeb\lib\netty-transport-native-kqueue-4.1.76.Final.jar;D:\Escritorio\DUOC\Tecnicas de calidad\CarritoComprasWeb v3\CarritoComprasWeb\lib\netty-transport-native-unix-common-4.1.76.Final.jar;D:\Escritorio\DUOC\Tecnicas de calidad\CarritoComprasWeb v3\CarritoComprasWeb\lib\opentelemetry-api-1.13.0.jar;D:\Escritorio\DUOC\Tecnicas de calidad\CarritoComprasWeb v3\CarritoComprasWeb\lib\opentelemetry-context-1.13.0.jar;D:\Escritorio\DUOC\Tecnicas de calidad\CarritoComprasWeb v3\CarritoComprasWeb\lib\opentelemetry-exporter-logging-1.13.0.jar;D:\Escritorio\DUOC\Tecnicas de calidad\CarritoComprasWeb v3\CarritoComprasWeb\lib\opentelemetry-sdk-1.13.0.jar;D:\Escritorio\DUOC\Tecnicas de calidad\CarritoComprasWeb v3\CarritoComprasWeb\lib\opentelemetry-sdk-common-1.13.0.jar;D:\Escritorio\DUOC\Tecnicas de calidad\CarritoComprasWeb v3\CarritoComprasWeb\lib\opentelemetry-sdk-extension-autoconfigure-1.13.0-alpha.jar;D:\Escritorio\DUOC\Tecnicas de calidad\CarritoComprasWeb v3\CarritoComprasWeb\lib\opentelemetry-sdk-extension-autoconfigure-spi-1.13.0.jar;D:\Escritorio\DUOC\Tecnicas de calidad\CarritoComprasWeb v3\CarritoComprasWeb\lib\opentelemetry-sdk-logs-1.13.0-alpha.jar;D:\Escritorio\DUOC\Tecnicas de calidad\CarritoComprasWeb v3\CarritoComprasWeb\lib\opentelemetry-sdk-metrics-1.13.0-alpha.jar;D:\Escritorio\DUOC\Tecnicas de calidad\CarritoComprasWeb v3\CarritoComprasWeb\lib\opentelemetry-sdk-trace-1.13.0.jar;D:\Escritorio\DUOC\Tecnicas de calidad\CarritoComprasWeb v3\CarritoComprasWeb\lib\opentelemetry-semconv-1.13.0-alpha.jar;D:\Escritorio\DUOC\Tecnicas de calidad\CarritoComprasWeb v3\CarritoComprasWeb\lib\reactive-streams-1.0.3.jar;D:\Escritorio\DUOC\Tecnicas de calidad\CarritoComprasWeb v3\CarritoComprasWeb\lib\selenium-api-4.1.4-sources.jar;D:\Escritorio\DUOC\Tecnicas de calidad\CarritoComprasWeb v3\CarritoComprasWeb\lib\selenium-api-4.1.4.jar;D:\Escritorio\DUOC\Tecnicas de calidad\CarritoComprasWeb v3\CarritoComprasWeb\lib\selenium-chrome-driver-4.1.4-sources.jar;D:\Escritorio\DUOC\Tecnicas de calidad\CarritoComprasWeb v3\CarritoComprasWeb\lib\selenium-chrome-driver-4.1.4.jar;D:\Escritorio\DUOC\Tecnicas de calidad\CarritoComprasWeb v3\CarritoComprasWeb\lib\selenium-chromium-driver-4.1.4-sources.jar;D:\Escritorio\DUOC\Tecnicas de calidad\CarritoComprasWeb v3\CarritoComprasWeb\lib\selenium-chromium-driver-4.1.4.jar;D:\Escritorio\DUOC\Tecnicas de calidad\CarritoComprasWeb v3\CarritoComprasWeb\lib\selenium-devtools-v100-4.1.4-sources.jar;D:\Escritorio\DUOC\Tecnicas de calidad\CarritoComprasWeb v3\CarritoComprasWeb\lib\selenium-devtools-v100-4.1.4.jar;D:\Escritorio\DUOC\Tecnicas de calidad\CarritoComprasWeb v3\CarritoComprasWeb\lib\selenium-devtools-v101-4.1.4-sources.jar;D:\Escritorio\DUOC\Tecnicas de calidad\CarritoComprasWeb v3\CarritoComprasWeb\lib\selenium-devtools-v101-4.1.4.jar;D:\Escritorio\DUOC\Tecnicas de calidad\CarritoComprasWeb v3\CarritoComprasWeb\lib\selenium-devtools-v85-4.1.4-sources.jar;D:\Escritorio\DUOC\Tecnicas de calidad\CarritoComprasWeb v3\CarritoComprasWeb\lib\selenium-devtools-v85-4.1.4.jar;D:\Escritorio\DUOC\Tecnicas de calidad\CarritoComprasWeb v3\CarritoComprasWeb\lib\selenium-devtools-v99-4.1.4-sources.jar;D:\Escritorio\DUOC\Tecnicas de calidad\CarritoComprasWeb v3\CarritoComprasWeb\lib\selenium-devtools-v99-4.1.4.jar;D:\Escritorio\DUOC\Tecnicas de calidad\CarritoComprasWeb v3\CarritoComprasWeb\lib\selenium-edge-driver-4.1.4-sources.jar;D:\Escritorio\DUOC\Tecnicas de calidad\CarritoComprasWeb v3\CarritoComprasWeb\lib\selenium-edge-driver-4.1.4.jar;D:\Escritorio\DUOC\Tecnicas de calidad\CarritoComprasWeb v3\CarritoComprasWeb\lib\selenium-firefox-driver-4.1.4-sources.jar;D:\Escritorio\DUOC\Tecnicas de calidad\CarritoComprasWeb v3\CarritoComprasWeb\lib\selenium-firefox-driver-4.1.4.jar;D:\Escritorio\DUOC\Tecnicas de calidad\CarritoComprasWeb v3\CarritoComprasWeb\lib\selenium-http-4.1.4-sources.jar;D:\Escritorio\DUOC\Tecnicas de calidad\CarritoComprasWeb v3\CarritoComprasWeb\lib\selenium-http-4.1.4.jar;D:\Escritorio\DUOC\Tecnicas de calidad\CarritoComprasWeb v3\CarritoComprasWeb\lib\selenium-ie-driver-4.1.4-sources.jar;D:\Escritorio\DUOC\Tecnicas de calidad\CarritoComprasWeb v3\CarritoComprasWeb\lib\selenium-ie-driver-4.1.4.jar;D:\Escritorio\DUOC\Tecnicas de calidad\CarritoComprasWeb v3\CarritoComprasWeb\lib\selenium-java-4.1.4-sources.jar;D:\Escritorio\DUOC\Tecnicas de calidad\CarritoComprasWeb v3\CarritoComprasWeb\lib\selenium-java-4.1.4.jar;D:\Escritorio\DUOC\Tecnicas de calidad\CarritoComprasWeb v3\CarritoComprasWeb\lib\selenium-json-4.1.4-sources.jar;D:\Escritorio\DUOC\Tecnicas de calidad\CarritoComprasWeb v3\CarritoComprasWeb\lib\selenium-json-4.1.4.jar;D:\Escritorio\DUOC\Tecnicas de calidad\CarritoComprasWeb v3\CarritoComprasWeb\lib\selenium-opera-driver-4.1.4-sources.jar;D:\Escritorio\DUOC\Tecnicas de calidad\CarritoComprasWeb v3\CarritoComprasWeb\lib\selenium-opera-driver-4.1.4.jar;D:\Escritorio\DUOC\Tecnicas de calidad\CarritoComprasWeb v3\CarritoComprasWeb\lib\selenium-remote-driver-4.1.4-sources.jar;D:\Escritorio\DUOC\Tecnicas de calidad\CarritoComprasWeb v3\CarritoComprasWeb\lib\selenium-remote-driver-4.1.4.jar;D:\Escritorio\DUOC\Tecnicas de calidad\CarritoComprasWeb v3\CarritoComprasWeb\lib\selenium-safari-driver-4.1.4-sources.jar;D:\Escritorio\DUOC\Tecnicas de calidad\CarritoComprasWeb v3\CarritoComprasWeb\lib\selenium-safari-driver-4.1.4.jar;D:\Escritorio\DUOC\Tecnicas de calidad\CarritoComprasWeb v3\CarritoComprasWeb\lib\selenium-support-4.1.4-sources.jar;D:\Escritorio\DUOC\Tecnicas de calidad\CarritoComprasWeb v3\CarritoComprasWeb\lib\selenium-support-4.1.4.jar;D:\Escritorio\DUOC\Tecnicas de calidad\CarritoComprasWeb v3\CarritoComprasWeb\lib\slf4j-api-1.7.36.jar;C:\Program Files\Java\jdk1.8.0_331;D:\Escritorio\DUOC\Tecnicas de calidad\CarritoComprasWeb v3\CarritoComprasWeb\build\test\classes;C:\GlassFish\glassfish5\glassfish\modules\bean-validator.jar;C:\GlassFish\glassfish5\glassfish\modules\cdi-api.jar;C:\GlassFish\glassfish5\glassfish\modules\endorsed\grizzly-npn-bootstrap.jar;C:\GlassFish\glassfish5\glassfish\modules\endorsed\javax.annotation-api.jar;C:\GlassFish\glassfish5\glassfish\modules\javax.ejb-api.jar;C:\GlassFish\glassfish5\glassfish\modules\javax.el.jar;C:\GlassFish\glassfish5\glassfish\modules\javax.enterprise.deploy-api.jar;C:\GlassFish\glassfish5\glassfish\modules\javax.faces.jar;C:\GlassFish\glassfish5\glassfish\modules\javax.inject.jar;C:\GlassFish\glassfish5\glassfish\modules\javax.interceptor-api.jar;C:\GlassFish\glassfish5\glassfish\modules\javax.json.bind-api.jar;C:\GlassFish\glassfish5\glassfish\modules\javax.json.jar;C:\GlassFish\glassfish5\glassfish\modules\javax.mail.jar;C:\GlassFish\glassfish5\glassfish\modules\javax.management.j2ee-api.jar;C:\GlassFish\glassfish5\glassfish\modules\javax.persistence.jar;C:\GlassFish\glassfish5\glassfish\modules\javax.resource-api.jar;C:\GlassFish\glassfish5\glassfish\modules\javax.security.auth.message-api.jar;C:\GlassFish\glassfish5\glassfish\modules\javax.security.enterprise-api.jar;C:\GlassFish\glassfish5\glassfish\modules\javax.security.enterprise.jar;C:\GlassFish\glassfish5\glassfish\modules\javax.security.jacc-api.jar;C:\GlassFish\glassfish5\glassfish\modules\javax.servlet-api.jar;C:\GlassFish\glassfish5\glassfish\modules\javax.servlet.jsp-api.jar;C:\GlassFish\glassfish5\glassfish\modules\javax.servlet.jsp.jar;C:\GlassFish\glassfish5\glassfish\modules\javax.servlet.jsp.jstl-api.jar;C:\GlassFish\glassfish5\glassfish\modules\javax.servlet.jsp.jstl.jar;C:\GlassFish\glassfish5\glassfish\modules\javax.transaction-api.jar;C:\GlassFish\glassfish5\glassfish\modules\javax.websocket-api.jar;C:\GlassFish\glassfish5\glassfish\modules\javax.ws.rs-api.jar;C:\GlassFish\glassfish5\glassfish\modules\weld-osgi-bundle.jar;C:\GlassFish\glassfish5\glassfish\lib\embedded\glassfish-embedded-static-shell.jar;C:\Program Files\NetBeans-13\netbeans\extide\ant\lib\ant-launcher.jar;C:\Program Files\NetBeans-13\netbeans\extide\ant\lib\ant.jar;C:\Program Files\NetBeans-13\netbeans\extide\ant\lib\ant-junit.jar;C:\Program Files\NetBeans-13\netbeans\extide\ant\lib\ant-junit4.jar" />
    <property name="file.reference.selenium-chrome-driver-4.1.4.jar" value="lib/selenium-chrome-driver-4.1.4.jar" />
    <property name="file.reference.selenium-devtools-v100-4.1.4-sources.jar" value="lib/selenium-devtools-v100-4.1.4-sources.jar" />
    <property name="libs.absolutelayout.src" value="" />
    <property name="libs.jakartaee-api-9.0.maven-pom" value="" />
    <property name="libs.jpa20-persistence.classpath" value="C:\Program Files\NetBeans-13\netbeans\java\modules\ext\eclipselink\javax.persistence-2.2.1.jar" />
    <property name="file.reference.checker-qual-3.12.0.jar" value="lib/checker-qual-3.12.0.jar" />
    <property name="libs.junit_5.javadoc" value="C:\Program Files\NetBeans-13\netbeans\platform\docs\junit-jupiter-api-5.6.0-javadoc.jar;C:\Program Files\NetBeans-13\netbeans\platform\docs\junit-jupiter-params-5.6.0-javadoc.jar;C:\Program Files\NetBeans-13\netbeans\platform\docs\junit-jupiter-engine-5.6.0-javadoc.jar" />
    <property name="libs.spring-framework500.src" value="" />
    <property name="j2ee.server.type" value="gfv5ee8" />
    <property name="os.version" value="10.0" />
    <property name="libs.EclipseLink-GlassFish-v3.javadoc" value="C:\Program Files\NetBeans-13\netbeans\enterprise\docs\javaee-doc-api.jar" />
    <property name="libs.jakartaee-api-8.0.javadoc" value="C:\Program Files\NetBeans-13\netbeans\enterprise\docs\jakartaee8-doc-api.jar" />
    <property name="file.reference.failsafe-3.2.3.jar" value="lib/failsafe-3.2.3.jar" />
    <property name="libs.javaee-api-7.0.maven-pom" value="" />
    <property name="sun.awt.enableExtraMouseButtons" value="true" />
    <property name="sun.desktop" value="windows" />
    <property name="libs.Comet-GlassFish-v3.src" value="" />
    <property name="libs.restlib.javadoc" value="" />
    <property name="war.content.additional" value="" />
    <property name="libs.JAXB-ENDORSED.classpath" value="C:\Program Files\NetBeans-13\netbeans\ide\modules\ext\jaxb\api\jaxb-api.jar" />
    <property name="nb.internal.action.name" value="test" />
    <property name="j2ee.platform.embeddableejb.classpath" value="C:/GlassFish/glassfish5/glassfish/lib/embedded/glassfish-embedded-static-shell.jar" />
    <property name="forceRedeploy" value="false" />
    <property name="file.reference.selenium-ie-driver-4.1.4-sources.jar" value="lib/selenium-ie-driver-4.1.4-sources.jar" />
    <property name="libs.javaee-api-7.0.javadoc" value="C:\Program Files\NetBeans-13\netbeans\enterprise\docs\javaee-doc-api.jar" />
    <property name="libs.eclipselink.classpath" value="C:\Program Files\NetBeans-13\netbeans\java\modules\ext\eclipselink\org.eclipse.persistence.core-2.7.9.jar;C:\Program Files\NetBeans-13\netbeans\java\modules\ext\eclipselink\org.eclipse.persistence.asm-9.1.0.jar;C:\Program Files\NetBeans-13\netbeans\java\modules\ext\eclipselink\org.eclipse.persistence.antlr-2.7.9.jar;C:\Program Files\NetBeans-13\netbeans\java\modules\ext\eclipselink\org.eclipse.persistence.jpa-2.7.9.jar;C:\Program Files\NetBeans-13\netbeans\java\modules\ext\eclipselink\org.eclipse.persistence.jpa.jpql-2.7.9.jar;C:\Program Files\NetBeans-13\netbeans\java\modules\ext\eclipselink\org.eclipse.persistence.moxy-2.7.9.jar;C:\Program Files\NetBeans-13\netbeans\java\modules\ext\eclipselink\javax.persistence-2.2.1.jar" />
    <property name="java.awt.graphicsenv" value="sun.awt.Win32GraphicsEnvironment" />
    <property name="file.reference.netty-resolver-4.1.76.Final.jar" value="lib/netty-resolver-4.1.76.Final.jar" />
    <property name="java.vm.vendor" value="Oracle Corporation" />
    <property name="libs.CopyLibs.classpath" value="C:\Program Files\NetBeans-13\netbeans\java\ant\extra\org-netbeans-modules-java-j2seproject-copylibstask.jar" />
    <property name="libs.javaee-api-8.0.src" value="" />
    <property name="file.reference.selenium-devtools-v101-4.1.4-sources.jar" value="lib/selenium-devtools-v101-4.1.4-sources.jar" />
    <property name="libs.spring-framework300.classpath" value="C:\Program Files\NetBeans-13\netbeans\platform\modules\org-apache-commons-logging.jar;C:\Program Files\NetBeans-13\netbeans\java\modules\ext\cglib-2.2.jar;C:\Program Files\NetBeans-13\netbeans\java\modules\ext\spring-3.0\spring-aop-3.2.18.RELEASE.jar;C:\Program Files\NetBeans-13\netbeans\java\modules\ext\spring-3.0\spring-aspects-3.2.18.RELEASE.jar;C:\Program Files\NetBeans-13\netbeans\java\modules\ext\spring-3.0\spring-beans-3.2.18.RELEASE.jar;C:\Program Files\NetBeans-13\netbeans\java\modules\ext\spring-3.0\spring-context-3.2.18.RELEASE.jar;C:\Program Files\NetBeans-13\netbeans\java\modules\ext\spring-3.0\spring-context-support-3.2.18.RELEASE.jar;C:\Program Files\NetBeans-13\netbeans\java\modules\ext\spring-3.0\spring-core-3.2.18.RELEASE.jar;C:\Program Files\NetBeans-13\netbeans\java\modules\ext\spring-3.0\spring-expression-3.2.18.RELEASE.jar;C:\Program Files\NetBeans-13\netbeans\java\modules\ext\spring-3.0\spring-instrument-3.2.18.RELEASE.jar;C:\Program Files\NetBeans-13\netbeans\java\modules\ext\spring-3.0\spring-instrument-tomcat-3.2.18.RELEASE.jar;C:\Program Files\NetBeans-13\netbeans\java\modules\ext\spring-3.0\spring-jdbc-3.2.18.RELEASE.jar;C:\Program Files\NetBeans-13\netbeans\java\modules\ext\spring-3.0\spring-jms-3.2.18.RELEASE.jar;C:\Program Files\NetBeans-13\netbeans\java\modules\ext\spring-3.0\spring-orm-3.2.18.RELEASE.jar;C:\Program Files\NetBeans-13\netbeans\java\modules\ext\spring-3.0\spring-oxm-3.2.18.RELEASE.jar;C:\Program Files\NetBeans-13\netbeans\java\modules\ext\spring-3.0\spring-struts-3.2.18.RELEASE.jar;C:\Program Files\NetBeans-13\netbeans\java\modules\ext\spring-3.0\spring-test-3.2.18.RELEASE.jar;C:\Program Files\NetBeans-13\netbeans\java\modules\ext\spring-3.0\spring-tx-3.2.18.RELEASE.jar;C:\Program Files\NetBeans-13\netbeans\java\modules\ext\spring-3.0\spring-web-3.2.18.RELEASE.jar;C:\Program Files\NetBeans-13\netbeans\java\modules\ext\spring-3.0\spring-webmvc-3.2.18.RELEASE.jar;C:\Program Files\NetBeans-13\netbeans\java\modules\ext\spring-3.0\spring-webmvc-portlet-3.2.18.RELEASE.jar" />
    <property name="libs.jsp-compiler.maven-pom" value="" />
    <property name="file.reference.netty-transport-4.1.76.Final.jar" value="lib/netty-transport-4.1.76.Final.jar" />
    <property name="file.reference.opentelemetry-sdk-trace-1.13.0.jar" value="lib/opentelemetry-sdk-trace-1.13.0.jar" />
    <property name="libs.junit_5.maven-pom" value="" />
    <property name="libs.hamcrest.src" value="" />
    <property name="file.reference.selenium-devtools-v85-4.1.4-sources.jar" value="lib/selenium-devtools-v85-4.1.4-sources.jar" />
    <property name="file.reference.jtoml-2.0.0.jar" value="lib/jtoml-2.0.0.jar" />
    <property name="libs.JAXB-ENDORSED.src" value="" />
    <property name="dist.archive.excludes" value="" />
    <property name="libs.testng.javadoc" value="C:\Program Files\NetBeans-13\netbeans\platform\docs\testng-6.13.1-javadoc.jar" />
    <property name="platforms.JDK_1.8.home" value="C:\Program Files\Java\jdk1.8.0_331" />
    <property name="user.script" value="" />
    <property name="libs.PostgreSQLDriver.classpath" value="C:\Program Files\NetBeans-13\netbeans\ide\modules\ext\postgresql-42.2.16.jar" />
    <property name="file.reference.opentelemetry-context-1.13.0.jar" value="lib/opentelemetry-context-1.13.0.jar" />
    <property name="libs.jsf12.maven-pom" value="" />
    <property name="annotation.processing.source.output" value="build/generated-sources/ap-source-output" />
    <property name="libs.CopyLibs.src" value="" />
    <property name="build.dir" value="build" />
    <property name="libs.jsp-compilation.classpath" value="C:\Program Files\NetBeans-13\netbeans\extide\ant\lib\ant.jar;C:\Program Files\NetBeans-13\netbeans\enterprise\modules\ext\servlet3.1-jsp2.3-api.jar;C:\Program Files\NetBeans-13\netbeans\enterprise\modules\ext\glassfish-jspparser-4.0.jar;C:\Program Files\NetBeans-13\netbeans\enterprise\modules\ext\jsf-2_2\javax.faces.jar;C:\Program Files\NetBeans-13\netbeans\enterprise\modules\ext\jstl-api.jar;C:\Program Files\NetBeans-13\netbeans\extide\ant\lib\ant-launcher.jar" />
    <property name="libs.javaee-web-api-8.0.javadoc" value="C:\Program Files\NetBeans-13\netbeans\enterprise\docs\javaee-doc-api.jar" />
    <property name="j2ee.platform.is.jsr109" value="true" />
    <property name="ant.version" value="Apache Ant(TM) version 1.10.8 compiled on May 10 2020" />
    <property name="selected.browser" value="Chrome" />
    <property name="file.reference.selenium-json-4.1.4-sources.jar" value="lib/selenium-json-4.1.4-sources.jar" />
    <property name="file.encoding" value="Cp1252" />
    <property name="file.reference.selenium-safari-driver-4.1.4-sources.jar" value="lib/selenium-safari-driver-4.1.4-sources.jar" />
    <property name="build.classes.excludes" value="**/*.java,**/*.form" />
    <property name="jdkBug6558476" value="false" />
    <property name="javadoc.nonavbar" value="false" />
    <property name="libs.spring-webmvc4.0.classpath" value="C:\Program Files\NetBeans-13\netbeans\java\modules\ext\spring-4\spring-webmvc-4.3.29.RELEASE.jar" />
    <property name="platform.active" value="default_platform" />
    <property name="libs.javaee-web-api-8.0.maven-pom" value="" />
    <property name="awt.toolkit" value="sun.awt.windows.WToolkit" />
    <property name="war.ear.name" value="CarritoComprasWeb.war" />
    <property name="libs.javaee-web-api-7.0.javadoc" value="C:\Program Files\NetBeans-13\netbeans\enterprise\docs\javaee-doc-api.jar" />
  </properties>
  <testcase classname="selenium.EjemploTest" name="testMain" time="10.298">
    <error message="unknown error: net::ERR_CONNECTION_REFUSED&#xa;  (Session info: chrome=101.0.4951.67)&#xa;Build info: version: &apos;4.1.4&apos;, revision: &apos;535d840ee2&apos;&#xa;System info: host: &apos;DESKTOP-8TPSBQT&apos;, ip: &apos;192.168.1.103&apos;, os.name: &apos;Windows 10&apos;, os.arch: &apos;amd64&apos;, os.version: &apos;10.0&apos;, java.version: &apos;1.8.0_331&apos;&#xa;Driver info: org.openqa.selenium.chrome.ChromeDriver&#xa;Command: [4351fff2b4e890d029042736fb43f707, get {url=http://localhost:8080/CarritoComprasWeb}]&#xa;Capabilities {acceptInsecureCerts: false, browserName: chrome, browserVersion: 101.0.4951.67, chrome: {chromedriverVersion: 101.0.4951.41 (93c720db8323..., userDataDir: C:\Users\Franco\AppData\Loc...}, goog:chromeOptions: {debuggerAddress: localhost:64560}, javascriptEnabled: true, networkConnectionEnabled: false, pageLoadStrategy: normal, platform: WINDOWS, platformName: WINDOWS, proxy: Proxy(), se:cdp: ws://localhost:64560/devtoo..., se:cdpVersion: 101.0.4951.67, setWindowRect: true, strictFileInteractability: false, timeouts: {implicit: 0, pageLoad: 300000, script: 30000}, unhandledPromptBehavior: dismiss and notify, webauthn:extension:credBlob: true, webauthn:extension:largeBlob: true, webauthn:virtualAuthenticators: true}&#xa;Session ID: 4351fff2b4e890d029042736fb43f707" type="org.openqa.selenium.WebDriverException">org.openqa.selenium.WebDriverException: unknown error: net::ERR_CONNECTION_REFUSED
  (Session info: chrome=101.0.4951.67)
Build info: version: &apos;4.1.4&apos;, revision: &apos;535d840ee2&apos;
System info: host: &apos;DESKTOP-8TPSBQT&apos;, ip: &apos;192.168.1.103&apos;, os.name: &apos;Windows 10&apos;, os.arch: &apos;amd64&apos;, os.version: &apos;10.0&apos;, java.version: &apos;1.8.0_331&apos;
Driver info: org.openqa.selenium.chrome.ChromeDriver
Command: [4351fff2b4e890d029042736fb43f707, get {url=http://localhost:8080/CarritoComprasWeb}]
Capabilities {acceptInsecureCerts: false, browserName: chrome, browserVersion: 101.0.4951.67, chrome: {chromedriverVersion: 101.0.4951.41 (93c720db8323..., userDataDir: C:\Users\Franco\AppData\Loc...}, goog:chromeOptions: {debuggerAddress: localhost:64560}, javascriptEnabled: true, networkConnectionEnabled: false, pageLoadStrategy: normal, platform: WINDOWS, platformName: WINDOWS, proxy: Proxy(), se:cdp: ws://localhost:64560/devtoo..., se:cdpVersion: 101.0.4951.67, setWindowRect: true, strictFileInteractability: false, timeouts: {implicit: 0, pageLoad: 300000, script: 30000}, unhandledPromptBehavior: dismiss and notify, webauthn:extension:credBlob: true, webauthn:extension:largeBlob: true, webauthn:virtualAuthenticators: true}
Session ID: 4351fff2b4e890d029042736fb43f707
	at java.lang.reflect.Constructor.newInstance(Constructor.java:423)
	at org.openqa.selenium.remote.codec.w3c.W3CHttpResponseCodec.createException(W3CHttpResponseCodec.java:200)
	at org.openqa.selenium.remote.codec.w3c.W3CHttpResponseCodec.decode(W3CHttpResponseCodec.java:133)
	at org.openqa.selenium.remote.codec.w3c.W3CHttpResponseCodec.decode(W3CHttpResponseCodec.java:53)
	at org.openqa.selenium.remote.HttpCommandExecutor.execute(HttpCommandExecutor.java:184)
	at org.openqa.selenium.remote.service.DriverCommandExecutor.invokeExecute(DriverCommandExecutor.java:167)
	at org.openqa.selenium.remote.service.DriverCommandExecutor.execute(DriverCommandExecutor.java:142)
	at org.openqa.selenium.remote.RemoteWebDriver.execute(RemoteWebDriver.java:567)
	at org.openqa.selenium.remote.RemoteWebDriver.get(RemoteWebDriver.java:330)
	at selenium.EjemploTest.setUp(EjemploTest.java:44)
</error>
  </testcase>
  <system-out><![CDATA[]]></system-out>
  <system-err><![CDATA[SLF4J: Failed to load class "org.slf4j.impl.StaticLoggerBinder".
SLF4J: Defaulting to no-operation (NOP) logger implementation
SLF4J: See http://www.slf4j.org/codes.html#StaticLoggerBinder for further details.
Starting ChromeDriver 101.0.4951.41 (93c720db8323b3ec10d056025ab95c23a31997c9-refs/branch-heads/4951@{#904}) on port 51999
Only local connections are allowed.
Please see https://chromedriver.chromium.org/security-considerations for suggestions on keeping ChromeDriver safe.
ChromeDriver was started successfully.
may 28, 2022 11:13:18 PM org.openqa.selenium.remote.ProtocolHandshake createSession
INFORMACIÓN: Detected dialect: W3C
may 28, 2022 11:13:18 PM org.openqa.selenium.devtools.CdpVersionFinder findNearestMatch
INFORMACIÓN: Found exact CDP implementation for version 101
]]></system-err>
</testsuite>
